2026-03-17 12:13:40,664 [INFO] client.utils.logger: 日志系统初始化完成
2026-03-17 12:13:40,664 [INFO] ssh_connect.ssh_manager: 测试SSH连接...
2026-03-17 12:13:40,924 [INFO] ssh_connect.ssh_manager: SSH免密连接测试成功: Connection test successful
2026-03-17 12:13:40,924 [INFO] ssh_connect.ssh_manager: 配置完成！现在可以使用: ssh liquid
2026-03-17 12:13:40,924 [INFO] ssh_connect.ssh_manager: 测试SSH连接...
2026-03-17 12:14:30,464 [INFO] client.utils.logger: 日志系统初始化完成
2026-03-17 12:14:30,466 [INFO] ssh_connect.ssh_manager: 测试SSH连接...
2026-03-17 12:14:30,687 [INFO] ssh_connect.ssh_manager: SSH免密连接测试成功: Connection test successful
2026-03-17 12:14:30,687 [INFO] ssh_connect.ssh_manager: 配置完成！现在可以使用: ssh liquid
2026-03-17 12:14:30,689 [INFO] ssh_connect.ssh_manager: 测试SSH连接...
2026-03-17 12:14:30,898 [INFO] ssh_connect.ssh_manager: SSH免密连接测试成功: Connection test successful
2026-03-17 12:14:30,898 [INFO] ssh_connect.ssh_manager: 配置完成！现在可以使用: ssh liquid
2026-03-17 12:14:30,898 [INFO] ssh_connect.ssh_manager: 检查远程服务状态...
2026-03-17 12:14:31,128 [INFO] ssh_connect.ssh_manager: Go API服务 正在运行 (PID: 1215049
1220123)
2026-03-17 12:14:31,368 [INFO] ssh_connect.ssh_manager: Python推理服务 正在运行 (PID: 1220175)
2026-03-17 12:14:31,369 [INFO] ssh_connect.ssh_manager: 测试SSH连接...
2026-03-17 12:14:31,588 [INFO] ssh_connect.ssh_manager: SSH免密连接测试成功: Connection test successful
2026-03-17 12:14:31,588 [INFO] ssh_connect.ssh_manager: 配置完成！现在可以使用: ssh liquid
2026-03-17 12:14:34,602 [INFO] ssh_connect.ssh_manager: 检查远程服务状态...
2026-03-17 12:14:34,840 [INFO] ssh_connect.ssh_manager: Go API服务 正在运行 (PID: 1215049
1220297)
2026-03-17 12:14:35,090 [INFO] ssh_connect.ssh_manager: Python推理服务 正在运行 (PID: 1220353)
2026-03-17 12:14:36,740 [INFO] ssh_connect.ssh_manager: 测试SSH连接...
2026-03-17 12:14:36,972 [INFO] ssh_connect.ssh_manager: SSH免密连接测试成功: Connection test successful
2026-03-17 12:14:36,972 [INFO] ssh_connect.ssh_manager: 配置完成！现在可以使用: ssh liquid
2026-03-17 12:14:38,589 [INFO] api.auth_api: 登录成功: user
2026-03-17 12:14:38,589 [INFO] client.widgets.login: 登录成功: user
2026-03-17 12:14:38,590 [INFO] client.widgets.login: 准备导入SystemWindow...
2026-03-17 12:14:38,590 [INFO] client.widgets.login: SystemWindow导入成功，准备创建窗口...
2026-03-17 12:14:40,531 [INFO] client.widgets.login: SystemWindow创建成功，准备显示...
2026-03-17 12:21:01,511 [INFO] client.utils.logger: 日志系统初始化完成
2026-03-17 12:21:01,512 [INFO] ssh_connect.ssh_manager: 测试SSH连接...
2026-03-17 12:21:01,763 [INFO] ssh_connect.ssh_manager: SSH免密连接测试成功: Connection test successful
2026-03-17 12:21:01,763 [INFO] ssh_connect.ssh_manager: 配置完成！现在可以使用: ssh liquid
2026-03-17 12:21:01,765 [INFO] ssh_connect.ssh_manager: 测试SSH连接...
2026-03-17 12:21:02,009 [INFO] ssh_connect.ssh_manager: SSH免密连接测试成功: Connection test successful
2026-03-17 12:21:02,009 [INFO] ssh_connect.ssh_manager: 配置完成！现在可以使用: ssh liquid
2026-03-17 12:21:02,009 [INFO] ssh_connect.ssh_manager: 检查远程服务状态...
2026-03-17 12:21:02,258 [INFO] ssh_connect.ssh_manager: Go API服务 正在运行 (PID: 1215049
1221898)
2026-03-17 12:21:02,524 [INFO] ssh_connect.ssh_manager: Python推理服务 正在运行 (PID: 1221956)
2026-03-17 12:21:02,524 [INFO] ssh_connect.ssh_manager: 测试SSH连接...
2026-03-17 12:21:02,755 [INFO] ssh_connect.ssh_manager: SSH免密连接测试成功: Connection test successful
2026-03-17 12:21:02,756 [INFO] ssh_connect.ssh_manager: 配置完成！现在可以使用: ssh liquid
2026-03-17 12:21:05,758 [INFO] ssh_connect.ssh_manager: 检查远程服务状态...
2026-03-17 12:21:05,994 [INFO] ssh_connect.ssh_manager: Go API服务 正在运行 (PID: 1215049
1222077)
2026-03-17 12:21:06,226 [INFO] ssh_connect.ssh_manager: Python推理服务 正在运行 (PID: 1222129)
2026-03-17 12:21:07,736 [INFO] ssh_connect.ssh_manager: 测试SSH连接...
2026-03-17 12:21:07,954 [INFO] ssh_connect.ssh_manager: SSH免密连接测试成功: Connection test successful
2026-03-17 12:21:07,955 [INFO] ssh_connect.ssh_manager: 配置完成！现在可以使用: ssh liquid
2026-03-17 12:21:19,810 [INFO] api.auth_api: 登录成功: user
2026-03-17 12:21:19,810 [INFO] client.widgets.login: 登录成功: user
2026-03-17 12:21:19,812 [INFO] client.widgets.login: 准备导入SystemWindow...
2026-03-17 12:21:19,812 [INFO] client.widgets.login: SystemWindow导入成功，准备创建窗口...
2026-03-17 12:21:21,809 [INFO] client.widgets.login: SystemWindow创建成功，准备显示...
2026-03-17 12:21:23,172 [INFO] client.utils.config: 正在从服务端读取默认配置文件: /home/lqj/liquid/server/database/config/default_config.yaml
2026-03-17 12:21:23,411 [INFO] client.utils.config: 成功从服务端加载默认配置
2026-03-17 12:25:55,693 [INFO] client.utils.logger: 日志系统初始化完成
2026-03-17 12:25:55,694 [INFO] ssh_connect.ssh_manager: 测试SSH连接...
2026-03-17 12:25:55,915 [INFO] ssh_connect.ssh_manager: SSH免密连接测试成功: Connection test successful
2026-03-17 12:25:55,915 [INFO] ssh_connect.ssh_manager: 配置完成！现在可以使用: ssh liquid
2026-03-17 12:25:55,915 [INFO] ssh_connect.ssh_manager: 测试SSH连接...
2026-03-17 12:25:56,148 [INFO] ssh_connect.ssh_manager: SSH免密连接测试成功: Connection test successful
2026-03-17 12:25:56,149 [INFO] ssh_connect.ssh_manager: 配置完成！现在可以使用: ssh liquid
2026-03-17 12:25:56,149 [INFO] ssh_connect.ssh_manager: 检查远程服务状态...
2026-03-17 12:25:56,388 [INFO] ssh_connect.ssh_manager: Go API服务 正在运行 (PID: 1215049
1223445)
2026-03-17 12:25:56,631 [INFO] ssh_connect.ssh_manager: Python推理服务 正在运行 (PID: 1223501)
2026-03-17 12:25:56,631 [INFO] ssh_connect.ssh_manager: 测试SSH连接...
2026-03-17 12:25:56,860 [INFO] ssh_connect.ssh_manager: SSH免密连接测试成功: Connection test successful
2026-03-17 12:25:56,860 [INFO] ssh_connect.ssh_manager: 配置完成！现在可以使用: ssh liquid
2026-03-17 12:25:59,870 [INFO] ssh_connect.ssh_manager: 检查远程服务状态...
2026-03-17 12:26:00,121 [INFO] ssh_connect.ssh_manager: Go API服务 正在运行 (PID: 1215049
1223621)
2026-03-17 12:26:00,370 [INFO] ssh_connect.ssh_manager: Python推理服务 正在运行 (PID: 1223676)
2026-03-17 12:26:02,236 [INFO] ssh_connect.ssh_manager: 测试SSH连接...
2026-03-17 12:26:02,472 [INFO] ssh_connect.ssh_manager: SSH免密连接测试成功: Connection test successful
2026-03-17 12:26:02,472 [INFO] ssh_connect.ssh_manager: 配置完成！现在可以使用: ssh liquid
2026-03-17 12:26:05,361 [INFO] api.auth_api: 登录成功: user
2026-03-17 12:26:05,361 [INFO] client.widgets.login: 登录成功: user
2026-03-17 12:26:05,361 [INFO] client.widgets.login: 准备导入SystemWindow...
2026-03-17 12:26:05,361 [INFO] client.widgets.login: SystemWindow导入成功，准备创建窗口...
2026-03-17 12:26:07,097 [INFO] client.widgets.login: SystemWindow创建成功，准备显示...
2026-03-17 12:26:11,223 [INFO] client.utils.config: 正在从服务端读取默认配置文件: /home/lqj/liquid/server/database/config/default_config.yaml
2026-03-17 12:26:11,477 [INFO] client.utils.config: 成功从服务端加载默认配置
2026-03-17 12:37:22,286 [INFO] client.utils.logger: 日志系统初始化完成
2026-03-17 12:37:22,287 [INFO] ssh_connect.ssh_manager: 测试SSH连接...
2026-03-17 12:37:22,539 [INFO] ssh_connect.ssh_manager: SSH免密连接测试成功: Connection test successful
2026-03-17 12:37:22,539 [INFO] ssh_connect.ssh_manager: 配置完成！现在可以使用: ssh liquid
2026-03-17 12:37:22,539 [INFO] ssh_connect.ssh_manager: 测试SSH连接...
2026-03-17 12:37:22,785 [INFO] ssh_connect.ssh_manager: SSH免密连接测试成功: Connection test successful
2026-03-17 12:37:22,785 [INFO] ssh_connect.ssh_manager: 配置完成！现在可以使用: ssh liquid
2026-03-17 12:37:22,785 [INFO] ssh_connect.ssh_manager: 检查远程服务状态...
2026-03-17 12:37:23,063 [INFO] ssh_connect.ssh_manager: Go API服务 正在运行 (PID: 1215049
1226395)
2026-03-17 12:37:23,314 [INFO] ssh_connect.ssh_manager: Python推理服务 正在运行 (PID: 1226453)
2026-03-17 12:37:23,314 [INFO] ssh_connect.ssh_manager: 测试SSH连接...
2026-03-17 12:37:23,532 [INFO] ssh_connect.ssh_manager: SSH免密连接测试成功: Connection test successful
2026-03-17 12:37:23,532 [INFO] ssh_connect.ssh_manager: 配置完成！现在可以使用: ssh liquid
2026-03-17 12:37:26,545 [INFO] ssh_connect.ssh_manager: 检查远程服务状态...
2026-03-17 12:37:27,590 [INFO] ssh_connect.ssh_manager: Go API服务 正在运行 (PID: 1215049
1226571)
2026-03-17 12:37:28,917 [INFO] ssh_connect.ssh_manager: Python推理服务 正在运行 (PID: 1226634)
2026-03-17 12:37:31,243 [INFO] ssh_connect.ssh_manager: 测试SSH连接...
2026-03-17 12:37:46,295 [ERROR] ssh_connect.ssh_manager: SSH连接测试超时
2026-03-17 12:37:48,924 [INFO] api.auth_api: 登录成功: user
2026-03-17 12:37:48,924 [INFO] client.widgets.login: 登录成功: user
2026-03-17 12:37:48,924 [INFO] client.widgets.login: 准备导入SystemWindow...
2026-03-17 12:37:48,925 [INFO] client.widgets.login: SystemWindow导入成功，准备创建窗口...
2026-03-17 12:37:50,739 [INFO] client.widgets.login: SystemWindow创建成功，准备显示...
2026-03-17 12:37:52,183 [INFO] client.utils.config: 正在从服务端读取默认配置文件: /home/lqj/liquid/server/database/config/default_config.yaml
2026-03-17 12:37:52,430 [INFO] client.utils.config: 成功从服务端加载默认配置
2026-03-17 12:50:54,748 [INFO] client.utils.logger: 日志系统初始化完成
2026-03-17 12:50:54,750 [INFO] ssh_connect.ssh_manager: 测试SSH连接...
2026-03-17 12:50:54,986 [INFO] ssh_connect.ssh_manager: SSH免密连接测试成功: Connection test successful
2026-03-17 12:50:54,986 [INFO] ssh_connect.ssh_manager: 配置完成！现在可以使用: ssh liquid
2026-03-17 12:50:54,986 [INFO] ssh_connect.ssh_manager: 测试SSH连接...
2026-03-17 12:50:55,233 [INFO] ssh_connect.ssh_manager: SSH免密连接测试成功: Connection test successful
2026-03-17 12:50:55,233 [INFO] ssh_connect.ssh_manager: 配置完成！现在可以使用: ssh liquid
2026-03-17 12:50:55,233 [INFO] ssh_connect.ssh_manager: 检查远程服务状态...
2026-03-17 12:50:55,527 [INFO] ssh_connect.ssh_manager: Go API服务 正在运行 (PID: 1215049
1229702)
2026-03-17 12:50:55,782 [INFO] ssh_connect.ssh_manager: Python推理服务 正在运行 (PID: 1229757)
2026-03-17 12:50:55,783 [INFO] ssh_connect.ssh_manager: 测试SSH连接...
2026-03-17 12:50:56,013 [INFO] ssh_connect.ssh_manager: SSH免密连接测试成功: Connection test successful
2026-03-17 12:50:56,013 [INFO] ssh_connect.ssh_manager: 配置完成！现在可以使用: ssh liquid
2026-03-17 12:50:59,027 [INFO] ssh_connect.ssh_manager: 检查远程服务状态...
2026-03-17 12:50:59,265 [INFO] ssh_connect.ssh_manager: Go API服务 正在运行 (PID: 1215049
1229872)
2026-03-17 12:50:59,498 [INFO] ssh_connect.ssh_manager: Python推理服务 正在运行 (PID: 1229931)
2026-03-17 12:51:00,770 [INFO] ssh_connect.ssh_manager: 测试SSH连接...
2026-03-17 12:51:00,989 [INFO] ssh_connect.ssh_manager: SSH免密连接测试成功: Connection test successful
2026-03-17 12:51:00,989 [INFO] ssh_connect.ssh_manager: 配置完成！现在可以使用: ssh liquid
2026-03-17 12:51:21,156 [INFO] api.auth_api: 登录成功: user
2026-03-17 12:51:21,156 [INFO] client.widgets.login: 登录成功: user
2026-03-17 12:51:21,157 [INFO] client.widgets.login: 准备导入SystemWindow...
2026-03-17 12:51:21,157 [INFO] client.widgets.login: SystemWindow导入成功，准备创建窗口...
2026-03-17 12:51:22,981 [INFO] client.widgets.login: SystemWindow创建成功，准备显示...
2026-03-17 12:51:24,897 [INFO] client.utils.config: 正在从服务端读取默认配置文件: /home/lqj/liquid/server/database/config/default_config.yaml
2026-03-17 12:51:25,180 [INFO] client.utils.config: 成功从服务端加载默认配置
2026-03-17 12:58:33,011 [INFO] client.utils.logger: 日志系统初始化完成
2026-03-17 12:58:33,011 [INFO] ssh_connect.ssh_manager: 测试SSH连接...
2026-03-17 12:58:33,262 [INFO] ssh_connect.ssh_manager: SSH免密连接测试成功: Connection test successful
2026-03-17 12:58:33,262 [INFO] ssh_connect.ssh_manager: 配置完成！现在可以使用: ssh liquid
2026-03-17 12:58:33,262 [INFO] ssh_connect.ssh_manager: 测试SSH连接...
2026-03-17 12:58:33,510 [INFO] ssh_connect.ssh_manager: SSH免密连接测试成功: Connection test successful
2026-03-17 12:58:33,510 [INFO] ssh_connect.ssh_manager: 配置完成！现在可以使用: ssh liquid
2026-03-17 12:58:33,510 [INFO] ssh_connect.ssh_manager: 检查远程服务状态...
2026-03-17 12:58:33,783 [INFO] ssh_connect.ssh_manager: Go API服务 正在运行 (PID: 1215049
1231946)
2026-03-17 12:58:34,052 [INFO] ssh_connect.ssh_manager: Python推理服务 正在运行 (PID: 1232004)
2026-03-17 12:58:34,053 [INFO] ssh_connect.ssh_manager: 测试SSH连接...
2026-03-17 12:58:34,283 [INFO] ssh_connect.ssh_manager: SSH免密连接测试成功: Connection test successful
2026-03-17 12:58:34,283 [INFO] ssh_connect.ssh_manager: 配置完成！现在可以使用: ssh liquid
2026-03-17 12:58:37,298 [INFO] ssh_connect.ssh_manager: 检查远程服务状态...
2026-03-17 12:58:37,535 [INFO] ssh_connect.ssh_manager: Go API服务 正在运行 (PID: 1215049
1232219)
2026-03-17 12:58:37,562 [INFO] client.utils.logger: 日志系统初始化完成
2026-03-17 12:58:37,562 [INFO] ssh_connect.ssh_manager: 测试SSH连接...
2026-03-17 12:58:37,767 [INFO] ssh_connect.ssh_manager: SSH免密连接测试成功: Connection test successful
2026-03-17 12:58:37,768 [INFO] ssh_connect.ssh_manager: 配置完成！现在可以使用: ssh liquid
2026-03-17 12:58:37,768 [INFO] ssh_connect.ssh_manager: 测试SSH连接...
2026-03-17 12:58:37,782 [INFO] ssh_connect.ssh_manager: Python推理服务 正在运行 (PID: 1232323)
2026-03-17 12:58:37,985 [INFO] ssh_connect.ssh_manager: SSH免密连接测试成功: Connection test successful
2026-03-17 12:58:37,985 [INFO] ssh_connect.ssh_manager: 配置完成！现在可以使用: ssh liquid
2026-03-17 12:58:37,985 [INFO] ssh_connect.ssh_manager: 检查远程服务状态...
2026-03-17 12:58:38,219 [INFO] ssh_connect.ssh_manager: Go API服务 正在运行 (PID: 1215049
1232435)
2026-03-17 12:58:38,481 [INFO] ssh_connect.ssh_manager: Python推理服务 正在运行 (PID: 1232493)
2026-03-17 12:58:38,482 [INFO] ssh_connect.ssh_manager: 测试SSH连接...
2026-03-17 12:58:38,717 [INFO] ssh_connect.ssh_manager: SSH免密连接测试成功: Connection test successful
2026-03-17 12:58:38,717 [INFO] ssh_connect.ssh_manager: 配置完成！现在可以使用: ssh liquid
2026-03-17 12:58:39,259 [INFO] ssh_connect.ssh_manager: 测试SSH连接...
2026-03-17 12:58:39,473 [INFO] ssh_connect.ssh_manager: SSH免密连接测试成功: Connection test successful
2026-03-17 12:58:39,473 [INFO] ssh_connect.ssh_manager: 配置完成！现在可以使用: ssh liquid
2026-03-17 12:58:41,216 [INFO] api.auth_api: 登录成功: user
2026-03-17 12:58:41,216 [INFO] client.widgets.login: 登录成功: user
2026-03-17 12:58:41,218 [INFO] client.widgets.login: 准备导入SystemWindow...
2026-03-17 12:58:41,218 [INFO] client.widgets.login: SystemWindow导入成功，准备创建窗口...
2026-03-17 12:58:41,731 [INFO] ssh_connect.ssh_manager: 检查远程服务状态...
2026-03-17 12:58:41,966 [INFO] ssh_connect.ssh_manager: Go API服务 正在运行 (PID: 1215049
1232669)
2026-03-17 12:58:42,201 [INFO] ssh_connect.ssh_manager: Python推理服务 正在运行 (PID: 1232721)
2026-03-17 12:58:42,924 [INFO] client.widgets.login: SystemWindow创建成功，准备显示...
2026-03-17 12:58:44,256 [INFO] ssh_connect.ssh_manager: 测试SSH连接...
2026-03-17 12:58:44,286 [INFO] client.utils.config: 正在从服务端读取默认配置文件: /home/lqj/liquid/server/database/config/default_config.yaml
2026-03-17 12:58:44,506 [INFO] ssh_connect.ssh_manager: SSH免密连接测试成功: Connection test successful
2026-03-17 12:58:44,506 [INFO] ssh_connect.ssh_manager: 配置完成！现在可以使用: ssh liquid
2026-03-17 12:58:44,549 [INFO] client.utils.config: 成功从服务端加载默认配置
2026-03-17 12:58:53,246 [INFO] api.auth_api: 登录成功: user
2026-03-17 12:58:53,247 [INFO] client.widgets.login: 登录成功: user
2026-03-17 12:58:53,247 [INFO] client.widgets.login: 准备导入SystemWindow...
2026-03-17 12:58:53,247 [INFO] client.widgets.login: SystemWindow导入成功，准备创建窗口...
2026-03-17 12:58:54,975 [INFO] client.widgets.login: SystemWindow创建成功，准备显示...
2026-03-17 12:58:56,286 [INFO] client.utils.config: 正在从服务端读取默认配置文件: /home/lqj/liquid/server/database/config/default_config.yaml
2026-03-17 12:58:56,520 [INFO] client.utils.config: 成功从服务端加载默认配置
2026-03-17 13:02:11,549 [INFO] client.utils.logger: 日志系统初始化完成
2026-03-17 13:02:11,549 [INFO] ssh_connect.ssh_manager: 测试SSH连接...
2026-03-17 13:02:11,770 [INFO] ssh_connect.ssh_manager: SSH免密连接测试成功: Connection test successful
2026-03-17 13:02:11,770 [INFO] ssh_connect.ssh_manager: 配置完成！现在可以使用: ssh liquid
2026-03-17 13:02:11,770 [INFO] ssh_connect.ssh_manager: 测试SSH连接...
2026-03-17 13:02:11,989 [INFO] ssh_connect.ssh_manager: SSH免密连接测试成功: Connection test successful
2026-03-17 13:02:11,989 [INFO] ssh_connect.ssh_manager: 配置完成！现在可以使用: ssh liquid
2026-03-17 13:02:11,989 [INFO] ssh_connect.ssh_manager: 检查远程服务状态...
2026-03-17 13:02:12,246 [INFO] ssh_connect.ssh_manager: Go API服务 正在运行 (PID: 1215049
1234853)
2026-03-17 13:02:12,487 [INFO] ssh_connect.ssh_manager: Python推理服务 正在运行 (PID: 1234911)
2026-03-17 13:02:12,487 [INFO] ssh_connect.ssh_manager: 测试SSH连接...
2026-03-17 13:02:12,704 [INFO] ssh_connect.ssh_manager: SSH免密连接测试成功: Connection test successful
2026-03-17 13:02:12,706 [INFO] ssh_connect.ssh_manager: 配置完成！现在可以使用: ssh liquid
2026-03-17 13:02:15,720 [INFO] ssh_connect.ssh_manager: 检查远程服务状态...
2026-03-17 13:02:15,957 [INFO] ssh_connect.ssh_manager: Go API服务 正在运行 (PID: 1215049
1235031)
2026-03-17 13:02:16,213 [INFO] ssh_connect.ssh_manager: Python推理服务 正在运行 (PID: 1235086)
2026-03-17 13:02:17,752 [INFO] ssh_connect.ssh_manager: 测试SSH连接...
2026-03-17 13:02:17,956 [INFO] ssh_connect.ssh_manager: SSH免密连接测试成功: Connection test successful
2026-03-17 13:02:17,957 [INFO] ssh_connect.ssh_manager: 配置完成！现在可以使用: ssh liquid
2026-03-17 13:02:19,413 [INFO] api.auth_api: 登录成功: user
2026-03-17 13:02:19,414 [INFO] client.widgets.login: 登录成功: user
2026-03-17 13:02:19,414 [INFO] client.widgets.login: 准备导入SystemWindow...
2026-03-17 13:02:19,414 [INFO] client.widgets.login: SystemWindow导入成功，准备创建窗口...
2026-03-17 13:02:24,504 [INFO] client.widgets.login: SystemWindow创建成功，准备显示...
2026-03-17 13:02:26,392 [INFO] client.utils.config: 正在从服务端读取默认配置文件: /home/lqj/liquid/server/database/config/default_config.yaml
2026-03-17 13:02:26,630 [INFO] client.utils.config: 成功从服务端加载默认配置
2026-03-17 13:06:12,817 [INFO] client.utils.logger: 日志系统初始化完成
2026-03-17 13:06:12,817 [INFO] ssh_connect.ssh_manager: 测试SSH连接...
2026-03-17 13:06:13,068 [INFO] ssh_connect.ssh_manager: SSH免密连接测试成功: Connection test successful
2026-03-17 13:06:13,068 [INFO] ssh_connect.ssh_manager: 配置完成！现在可以使用: ssh liquid
2026-03-17 13:06:13,068 [INFO] ssh_connect.ssh_manager: 测试SSH连接...
2026-03-17 13:06:13,331 [INFO] ssh_connect.ssh_manager: SSH免密连接测试成功: Connection test successful
2026-03-17 13:06:13,332 [INFO] ssh_connect.ssh_manager: 配置完成！现在可以使用: ssh liquid
2026-03-17 13:06:13,332 [INFO] ssh_connect.ssh_manager: 检查远程服务状态...
2026-03-17 13:06:13,614 [INFO] ssh_connect.ssh_manager: Go API服务 正在运行 (PID: 1215049
1237241)
2026-03-17 13:06:13,881 [INFO] ssh_connect.ssh_manager: Python推理服务 正在运行 (PID: 1237296)
2026-03-17 13:06:13,881 [INFO] ssh_connect.ssh_manager: 测试SSH连接...
2026-03-17 13:06:14,113 [INFO] ssh_connect.ssh_manager: SSH免密连接测试成功: Connection test successful
2026-03-17 13:06:14,113 [INFO] ssh_connect.ssh_manager: 配置完成！现在可以使用: ssh liquid
2026-03-17 13:06:17,114 [INFO] ssh_connect.ssh_manager: 检查远程服务状态...
2026-03-17 13:06:17,364 [INFO] ssh_connect.ssh_manager: Go API服务 正在运行 (PID: 1215049
1237419)
2026-03-17 13:06:17,611 [INFO] ssh_connect.ssh_manager: Python推理服务 正在运行 (PID: 1237474)
2026-03-17 13:06:19,250 [INFO] ssh_connect.ssh_manager: 测试SSH连接...
2026-03-17 13:06:19,482 [INFO] ssh_connect.ssh_manager: SSH免密连接测试成功: Connection test successful
2026-03-17 13:06:19,482 [INFO] ssh_connect.ssh_manager: 配置完成！现在可以使用: ssh liquid
2026-03-17 13:06:24,360 [INFO] api.auth_api: 登录成功: user
2026-03-17 13:06:24,360 [INFO] client.widgets.login: 登录成功: user
2026-03-17 13:06:24,361 [INFO] client.widgets.login: 准备导入SystemWindow...
2026-03-17 13:06:24,361 [INFO] client.widgets.login: SystemWindow导入成功，准备创建窗口...
2026-03-17 13:06:29,298 [INFO] client.widgets.login: SystemWindow创建成功，准备显示...
2026-03-17 13:06:32,163 [INFO] client.utils.config: 正在从服务端读取默认配置文件: /home/lqj/liquid/server/database/config/default_config.yaml
2026-03-17 13:06:32,411 [INFO] client.utils.config: 成功从服务端加载默认配置
2026-03-17 13:06:33,309 [INFO] client.utils.config: 正在从服务端读取配置文件: /home/lqj/liquid/server/database/config/channel_config.yaml
2026-03-17 13:06:33,534 [INFO] client.utils.config: 成功从服务端加载通道配置
2026-03-17 13:07:27,455 [INFO] client.utils.logger: 日志系统初始化完成
2026-03-17 13:07:27,455 [INFO] ssh_connect.ssh_manager: 测试SSH连接...
2026-03-17 13:07:27,681 [INFO] ssh_connect.ssh_manager: SSH免密连接测试成功: Connection test successful
2026-03-17 13:07:27,681 [INFO] ssh_connect.ssh_manager: 配置完成！现在可以使用: ssh liquid
2026-03-17 13:07:27,681 [INFO] ssh_connect.ssh_manager: 测试SSH连接...
2026-03-17 13:07:27,890 [INFO] ssh_connect.ssh_manager: SSH免密连接测试成功: Connection test successful
2026-03-17 13:07:27,891 [INFO] ssh_connect.ssh_manager: 配置完成！现在可以使用: ssh liquid
2026-03-17 13:07:27,891 [INFO] ssh_connect.ssh_manager: 检查远程服务状态...
2026-03-17 13:07:28,152 [INFO] ssh_connect.ssh_manager: Go API服务 正在运行 (PID: 1215049
1239201)
2026-03-17 13:07:28,409 [INFO] ssh_connect.ssh_manager: Python推理服务 正在运行 (PID: 1239256)
2026-03-17 13:07:28,410 [INFO] ssh_connect.ssh_manager: 测试SSH连接...
2026-03-17 13:07:28,637 [INFO] ssh_connect.ssh_manager: SSH免密连接测试成功: Connection test successful
2026-03-17 13:07:28,637 [INFO] ssh_connect.ssh_manager: 配置完成！现在可以使用: ssh liquid
2026-03-17 13:07:31,638 [INFO] ssh_connect.ssh_manager: 检查远程服务状态...
2026-03-17 13:07:31,878 [INFO] ssh_connect.ssh_manager: Go API服务 正在运行 (PID: 1215049
1239376)
2026-03-17 13:07:32,113 [INFO] ssh_connect.ssh_manager: Python推理服务 正在运行 (PID: 1239434)
2026-03-17 13:07:33,765 [INFO] ssh_connect.ssh_manager: 测试SSH连接...
2026-03-17 13:07:33,990 [INFO] ssh_connect.ssh_manager: SSH免密连接测试成功: Connection test successful
2026-03-17 13:07:33,990 [INFO] ssh_connect.ssh_manager: 配置完成！现在可以使用: ssh liquid
2026-03-17 13:07:55,341 [INFO] api.auth_api: 登录成功: user
2026-03-17 13:07:55,342 [INFO] client.widgets.login: 登录成功: user
2026-03-17 13:07:55,342 [INFO] client.widgets.login: 准备导入SystemWindow...
2026-03-17 13:07:55,342 [INFO] client.widgets.login: SystemWindow导入成功，准备创建窗口...
2026-03-17 13:08:00,853 [INFO] client.widgets.login: SystemWindow创建成功，准备显示...
2026-03-17 13:08:17,063 [INFO] client.utils.config: 正在从服务端读取默认配置文件: /home/lqj/liquid/server/database/config/default_config.yaml
2026-03-17 13:08:17,303 [INFO] client.utils.config: 成功从服务端加载默认配置
2026-03-17 13:08:18,219 [INFO] client.utils.config: 正在从服务端读取配置文件: /home/lqj/liquid/server/database/config/channel_config.yaml
2026-03-17 13:08:18,447 [INFO] client.utils.config: 成功从服务端加载通道配置
2026-03-17 13:11:04,891 [INFO] client.utils.logger: 日志系统初始化完成
2026-03-17 13:11:04,892 [INFO] ssh_connect.ssh_manager: 测试SSH连接...
2026-03-17 13:11:05,114 [INFO] ssh_connect.ssh_manager: SSH免密连接测试成功: Connection test successful
2026-03-17 13:11:05,114 [INFO] ssh_connect.ssh_manager: 配置完成！现在可以使用: ssh liquid
2026-03-17 13:11:05,114 [INFO] ssh_connect.ssh_manager: 测试SSH连接...
2026-03-17 13:11:05,348 [INFO] ssh_connect.ssh_manager: SSH免密连接测试成功: Connection test successful
2026-03-17 13:11:05,348 [INFO] ssh_connect.ssh_manager: 配置完成！现在可以使用: ssh liquid
2026-03-17 13:11:05,348 [INFO] ssh_connect.ssh_manager: 检查远程服务状态...
2026-03-17 13:11:05,620 [INFO] ssh_connect.ssh_manager: Go API服务 正在运行 (PID: 1215049
1241561)
2026-03-17 13:11:05,862 [INFO] ssh_connect.ssh_manager: Python推理服务 正在运行 (PID: 1241616)
2026-03-17 13:11:05,862 [INFO] ssh_connect.ssh_manager: 测试SSH连接...
2026-03-17 13:11:06,107 [INFO] ssh_connect.ssh_manager: SSH免密连接测试成功: Connection test successful
2026-03-17 13:11:06,107 [INFO] ssh_connect.ssh_manager: 配置完成！现在可以使用: ssh liquid
2026-03-17 13:11:09,121 [INFO] ssh_connect.ssh_manager: 检查远程服务状态...
2026-03-17 13:11:09,374 [INFO] ssh_connect.ssh_manager: Go API服务 正在运行 (PID: 1215049
1241743)
2026-03-17 13:11:09,622 [INFO] ssh_connect.ssh_manager: Python推理服务 正在运行 (PID: 1241798)
2026-03-17 13:11:11,274 [INFO] ssh_connect.ssh_manager: 测试SSH连接...
2026-03-17 13:11:11,541 [INFO] ssh_connect.ssh_manager: SSH免密连接测试成功: Connection test successful
2026-03-17 13:11:11,542 [INFO] ssh_connect.ssh_manager: 配置完成！现在可以使用: ssh liquid
2026-03-17 13:11:12,910 [INFO] api.auth_api: 登录成功: user
2026-03-17 13:11:12,911 [INFO] client.widgets.login: 登录成功: user
2026-03-17 13:11:12,911 [INFO] client.widgets.login: 准备导入SystemWindow...
2026-03-17 13:11:12,911 [INFO] client.widgets.login: SystemWindow导入成功，准备创建窗口...
2026-03-17 13:11:18,151 [INFO] client.widgets.login: SystemWindow创建成功，准备显示...
2026-03-17 13:11:21,791 [INFO] client.utils.config: 正在从服务端读取默认配置文件: /home/lqj/liquid/server/database/config/default_config.yaml
2026-03-17 13:11:22,034 [INFO] client.utils.config: 成功从服务端加载默认配置
2026-03-17 13:11:22,952 [INFO] client.utils.config: 正在从服务端读取配置文件: /home/lqj/liquid/server/database/config/channel_config.yaml
2026-03-17 13:11:23,193 [INFO] client.utils.config: 成功从服务端加载通道配置
2026-03-17 13:11:23,272 [INFO] client.utils.config: 正在从服务端读取默认配置文件: /home/lqj/liquid/server/database/config/default_config.yaml
2026-03-17 13:11:23,506 [INFO] client.utils.config: 成功从服务端加载默认配置
2026-03-17 13:13:01,731 [INFO] client.utils.logger: 日志系统初始化完成
2026-03-17 13:13:01,732 [INFO] ssh_connect.ssh_manager: 测试SSH连接...
2026-03-17 13:13:01,967 [INFO] ssh_connect.ssh_manager: SSH免密连接测试成功: Connection test successful
2026-03-17 13:13:01,967 [INFO] ssh_connect.ssh_manager: 配置完成！现在可以使用: ssh liquid
2026-03-17 13:13:01,967 [INFO] ssh_connect.ssh_manager: 测试SSH连接...
2026-03-17 13:13:02,198 [INFO] ssh_connect.ssh_manager: SSH免密连接测试成功: Connection test successful
2026-03-17 13:13:02,198 [INFO] ssh_connect.ssh_manager: 配置完成！现在可以使用: ssh liquid
2026-03-17 13:13:02,198 [INFO] ssh_connect.ssh_manager: 检查远程服务状态...
2026-03-17 13:13:02,434 [INFO] ssh_connect.ssh_manager: Go API服务 正在运行 (PID: 1215049
1244134)
2026-03-17 13:13:02,680 [INFO] ssh_connect.ssh_manager: Python推理服务 正在运行 (PID: 1244189)
2026-03-17 13:13:02,681 [INFO] ssh_connect.ssh_manager: 测试SSH连接...
2026-03-17 13:13:02,909 [INFO] ssh_connect.ssh_manager: SSH免密连接测试成功: Connection test successful
2026-03-17 13:13:02,910 [INFO] ssh_connect.ssh_manager: 配置完成！现在可以使用: ssh liquid
2026-03-17 13:13:05,913 [INFO] ssh_connect.ssh_manager: 检查远程服务状态...
2026-03-17 13:13:06,220 [INFO] ssh_connect.ssh_manager: Go API服务 正在运行 (PID: 1215049
1244305)
2026-03-17 13:13:06,508 [INFO] ssh_connect.ssh_manager: Python推理服务 正在运行 (PID: 1244370)
2026-03-17 13:13:08,251 [INFO] ssh_connect.ssh_manager: 测试SSH连接...
2026-03-17 13:13:08,473 [INFO] ssh_connect.ssh_manager: SSH免密连接测试成功: Connection test successful
2026-03-17 13:13:08,473 [INFO] ssh_connect.ssh_manager: 配置完成！现在可以使用: ssh liquid
2026-03-17 13:13:10,120 [INFO] api.auth_api: 登录成功: user
2026-03-17 13:13:10,120 [INFO] client.widgets.login: 登录成功: user
2026-03-17 13:13:10,121 [INFO] client.widgets.login: 准备导入SystemWindow...
2026-03-17 13:13:10,121 [INFO] client.widgets.login: SystemWindow导入成功，准备创建窗口...
2026-03-17 13:13:15,175 [INFO] client.widgets.login: SystemWindow创建成功，准备显示...
2026-03-17 13:13:20,090 [INFO] client.utils.config: 正在从服务端读取默认配置文件: /home/lqj/liquid/server/database/config/default_config.yaml
2026-03-17 13:13:20,321 [INFO] client.utils.config: 成功从服务端加载默认配置
2026-03-17 13:13:21,210 [INFO] client.utils.config: 正在从服务端读取配置文件: /home/lqj/liquid/server/database/config/channel_config.yaml
2026-03-17 13:13:21,452 [INFO] client.utils.config: 成功从服务端加载通道配置
2026-03-17 13:13:21,584 [INFO] client.utils.config: 正在从服务端读取默认配置文件: /home/lqj/liquid/server/database/config/default_config.yaml
2026-03-17 13:13:21,808 [INFO] client.utils.config: 成功从服务端加载默认配置
2026-03-17 13:16:05,958 [INFO] client.utils.logger: 日志系统初始化完成
2026-03-17 13:16:05,959 [INFO] ssh_connect.ssh_manager: 测试SSH连接...
2026-03-17 13:16:06,183 [INFO] ssh_connect.ssh_manager: SSH免密连接测试成功: Connection test successful
2026-03-17 13:16:06,184 [INFO] ssh_connect.ssh_manager: 配置完成！现在可以使用: ssh liquid
2026-03-17 13:16:06,184 [INFO] ssh_connect.ssh_manager: 测试SSH连接...
2026-03-17 13:16:06,401 [INFO] ssh_connect.ssh_manager: SSH免密连接测试成功: Connection test successful
2026-03-17 13:16:06,401 [INFO] ssh_connect.ssh_manager: 配置完成！现在可以使用: ssh liquid
2026-03-17 13:16:06,401 [INFO] ssh_connect.ssh_manager: 检查远程服务状态...
2026-03-17 13:16:06,691 [INFO] ssh_connect.ssh_manager: Go API服务 正在运行 (PID: 1215049
1246886)
2026-03-17 13:16:06,967 [INFO] ssh_connect.ssh_manager: Python推理服务 正在运行 (PID: 1246942)
2026-03-17 13:16:06,968 [INFO] ssh_connect.ssh_manager: 测试SSH连接...
2026-03-17 13:16:07,193 [INFO] ssh_connect.ssh_manager: SSH免密连接测试成功: Connection test successful
2026-03-17 13:16:07,193 [INFO] ssh_connect.ssh_manager: 配置完成！现在可以使用: ssh liquid
2026-03-17 13:16:10,196 [INFO] ssh_connect.ssh_manager: 检查远程服务状态...
2026-03-17 13:16:10,449 [INFO] ssh_connect.ssh_manager: Go API服务 正在运行 (PID: 1215049
1247062)
2026-03-17 13:16:10,751 [INFO] ssh_connect.ssh_manager: Python推理服务 正在运行 (PID: 1247117)
2026-03-17 13:16:12,260 [INFO] ssh_connect.ssh_manager: 测试SSH连接...
2026-03-17 13:16:12,496 [INFO] ssh_connect.ssh_manager: SSH免密连接测试成功: Connection test successful
2026-03-17 13:16:12,497 [INFO] ssh_connect.ssh_manager: 配置完成！现在可以使用: ssh liquid
2026-03-17 13:16:38,913 [INFO] api.auth_api: 登录成功: user
2026-03-17 13:16:38,913 [INFO] client.widgets.login: 登录成功: user
2026-03-17 13:16:38,915 [INFO] client.widgets.login: 准备导入SystemWindow...
2026-03-17 13:16:38,915 [INFO] client.widgets.login: SystemWindow导入成功，准备创建窗口...
2026-03-17 13:16:44,178 [INFO] client.widgets.login: SystemWindow创建成功，准备显示...
2026-03-17 13:16:48,224 [INFO] client.utils.config: 正在从服务端读取默认配置文件: /home/lqj/liquid/server/database/config/default_config.yaml
2026-03-17 13:16:48,461 [INFO] client.utils.config: 成功从服务端加载默认配置
2026-03-17 13:16:49,381 [INFO] client.utils.config: 正在从服务端读取配置文件: /home/lqj/liquid/server/database/config/channel_config.yaml
2026-03-17 13:16:49,612 [INFO] client.utils.config: 成功从服务端加载通道配置
2026-03-17 13:16:49,751 [INFO] client.utils.config: 正在从服务端读取默认配置文件: /home/lqj/liquid/server/database/config/default_config.yaml
2026-03-17 13:16:49,988 [INFO] client.utils.config: 成功从服务端加载默认配置
2026-03-17 13:18:57,874 [INFO] client.utils.logger: 日志系统初始化完成
2026-03-17 13:18:57,875 [INFO] ssh_connect.ssh_manager: 测试SSH连接...
2026-03-17 13:18:58,095 [INFO] ssh_connect.ssh_manager: SSH免密连接测试成功: Connection test successful
2026-03-17 13:18:58,095 [INFO] ssh_connect.ssh_manager: 配置完成！现在可以使用: ssh liquid
2026-03-17 13:18:58,096 [INFO] ssh_connect.ssh_manager: 测试SSH连接...
2026-03-17 13:18:58,330 [INFO] ssh_connect.ssh_manager: SSH免密连接测试成功: Connection test successful
2026-03-17 13:18:58,330 [INFO] ssh_connect.ssh_manager: 配置完成！现在可以使用: ssh liquid
2026-03-17 13:18:58,330 [INFO] ssh_connect.ssh_manager: 检查远程服务状态...
2026-03-17 13:18:58,575 [INFO] ssh_connect.ssh_manager: Go API服务 正在运行 (PID: 1215049
1249633)
2026-03-17 13:18:58,811 [INFO] ssh_connect.ssh_manager: Python推理服务 正在运行 (PID: 1249686)
2026-03-17 13:18:58,812 [INFO] ssh_connect.ssh_manager: 测试SSH连接...
2026-03-17 13:18:59,045 [INFO] ssh_connect.ssh_manager: SSH免密连接测试成功: Connection test successful
2026-03-17 13:18:59,046 [INFO] ssh_connect.ssh_manager: 配置完成！现在可以使用: ssh liquid
2026-03-17 13:19:02,053 [INFO] ssh_connect.ssh_manager: 检查远程服务状态...
2026-03-17 13:19:02,305 [INFO] ssh_connect.ssh_manager: Go API服务 正在运行 (PID: 1215049
1249801)
2026-03-17 13:19:02,566 [INFO] ssh_connect.ssh_manager: Python推理服务 正在运行 (PID: 1249862)
2026-03-17 13:19:04,263 [INFO] ssh_connect.ssh_manager: 测试SSH连接...
2026-03-17 13:19:04,498 [INFO] ssh_connect.ssh_manager: SSH免密连接测试成功: Connection test successful
2026-03-17 13:19:04,498 [INFO] ssh_connect.ssh_manager: 配置完成！现在可以使用: ssh liquid
2026-03-17 13:19:07,512 [INFO] api.auth_api: 登录成功: user
2026-03-17 13:19:07,512 [INFO] client.widgets.login: 登录成功: user
2026-03-17 13:19:07,512 [INFO] client.widgets.login: 准备导入SystemWindow...
2026-03-17 13:19:07,513 [INFO] client.widgets.login: SystemWindow导入成功，准备创建窗口...
2026-03-17 13:19:12,563 [INFO] client.widgets.login: SystemWindow创建成功，准备显示...
2026-03-17 13:19:15,130 [INFO] client.utils.config: 正在从服务端读取默认配置文件: /home/lqj/liquid/server/database/config/default_config.yaml
2026-03-17 13:19:15,370 [INFO] client.utils.config: 成功从服务端加载默认配置
2026-03-17 13:19:16,275 [INFO] client.utils.config: 正在从服务端读取配置文件: /home/lqj/liquid/server/database/config/channel_config.yaml
2026-03-17 13:19:16,500 [INFO] client.utils.config: 成功从服务端加载通道配置
2026-03-17 13:19:16,580 [INFO] client.utils.config: 正在从服务端读取默认配置文件: /home/lqj/liquid/server/database/config/default_config.yaml
2026-03-17 13:19:16,817 [INFO] client.utils.config: 成功从服务端加载默认配置
2026-03-17 13:19:20,521 [INFO] utils.config: 正在从服务端读取默认配置文件: /home/lqj/liquid/server/database/config/default_config.yaml
2026-03-17 13:19:20,764 [INFO] utils.config: 成功从服务端加载默认配置
2026-03-17 13:22:59,285 [INFO] client.utils.logger: 日志系统初始化完成
2026-03-17 13:22:59,285 [INFO] ssh_connect.ssh_manager: 测试SSH连接...
2026-03-17 13:22:59,533 [INFO] ssh_connect.ssh_manager: SSH免密连接测试成功: Connection test successful
2026-03-17 13:22:59,533 [INFO] ssh_connect.ssh_manager: 配置完成！现在可以使用: ssh liquid
2026-03-17 13:22:59,533 [INFO] ssh_connect.ssh_manager: 测试SSH连接...
2026-03-17 13:22:59,781 [INFO] ssh_connect.ssh_manager: SSH免密连接测试成功: Connection test successful
2026-03-17 13:22:59,781 [INFO] ssh_connect.ssh_manager: 配置完成！现在可以使用: ssh liquid
2026-03-17 13:22:59,781 [INFO] ssh_connect.ssh_manager: 检查远程服务状态...
2026-03-17 13:23:00,060 [INFO] ssh_connect.ssh_manager: Go API服务 正在运行 (PID: 1215049
1252631)
2026-03-17 13:23:00,344 [INFO] ssh_connect.ssh_manager: Python推理服务 正在运行 (PID: 1252689)
2026-03-17 13:23:00,345 [INFO] ssh_connect.ssh_manager: 测试SSH连接...
2026-03-17 13:23:00,575 [INFO] ssh_connect.ssh_manager: SSH免密连接测试成功: Connection test successful
2026-03-17 13:23:00,575 [INFO] ssh_connect.ssh_manager: 配置完成！现在可以使用: ssh liquid
2026-03-17 13:23:03,581 [INFO] ssh_connect.ssh_manager: 检查远程服务状态...
2026-03-17 13:23:03,846 [INFO] ssh_connect.ssh_manager: Go API服务 正在运行 (PID: 1215049
1252810)
2026-03-17 13:23:04,097 [INFO] ssh_connect.ssh_manager: Python推理服务 正在运行 (PID: 1252865)
2026-03-17 13:23:05,764 [INFO] ssh_connect.ssh_manager: 测试SSH连接...
2026-03-17 13:23:05,999 [INFO] ssh_connect.ssh_manager: SSH免密连接测试成功: Connection test successful
2026-03-17 13:23:06,001 [INFO] ssh_connect.ssh_manager: 配置完成！现在可以使用: ssh liquid
2026-03-17 13:25:34,389 [INFO] api.auth_api: 登录成功: user
2026-03-17 13:25:34,390 [INFO] client.widgets.login: 登录成功: user
2026-03-17 13:25:34,390 [INFO] client.widgets.login: 准备导入SystemWindow...
2026-03-17 13:25:34,390 [INFO] client.widgets.login: SystemWindow导入成功，准备创建窗口...
2026-03-17 13:25:39,570 [INFO] client.widgets.login: SystemWindow创建成功，准备显示...
2026-03-17 13:28:40,066 [INFO] client.utils.config: 正在从服务端读取默认配置文件: /home/lqj/liquid/server/database/config/default_config.yaml
2026-03-17 13:28:40,419 [INFO] client.utils.config: 成功从服务端加载默认配置
2026-03-17 13:28:41,442 [INFO] client.utils.config: 正在从服务端读取配置文件: /home/lqj/liquid/server/database/config/channel_config.yaml
2026-03-17 13:28:41,680 [INFO] client.utils.config: 成功从服务端加载通道配置
2026-03-17 13:28:41,696 [INFO] client.utils.config: 正在从服务端读取默认配置文件: /home/lqj/liquid/server/database/config/default_config.yaml
2026-03-17 13:28:41,922 [INFO] client.utils.config: 成功从服务端加载默认配置
2026-03-17 13:28:43,558 [INFO] utils.config: 正在从服务端读取默认配置文件: /home/lqj/liquid/server/database/config/default_config.yaml
2026-03-17 13:28:43,803 [INFO] utils.config: 成功从服务端加载默认配置
2026-03-17 13:28:46,635 [INFO] client.utils.config: 正在从服务端读取默认配置文件: /home/lqj/liquid/server/database/config/default_config.yaml
2026-03-17 13:28:46,887 [INFO] client.utils.config: 成功从服务端加载默认配置
2026-03-17 13:28:47,796 [INFO] client.utils.config: 正在从服务端读取配置文件: /home/lqj/liquid/server/database/config/channel_config.yaml
2026-03-17 13:28:48,030 [INFO] client.utils.config: 成功从服务端加载通道配置
2026-03-17 13:28:48,089 [INFO] client.utils.config: 正在从服务端读取默认配置文件: /home/lqj/liquid/server/database/config/default_config.yaml
2026-03-17 13:28:48,323 [INFO] client.utils.config: 成功从服务端加载默认配置
2026-03-17 13:28:49,947 [INFO] utils.config: 正在从服务端读取默认配置文件: /home/lqj/liquid/server/database/config/default_config.yaml
2026-03-17 13:28:50,173 [INFO] utils.config: 成功从服务端加载默认配置
2026-03-17 13:50:25,344 [INFO] client.utils.logger: 日志系统初始化完成
2026-03-17 13:50:25,345 [INFO] ssh_connect.ssh_manager: 测试SSH连接...
2026-03-17 13:50:25,595 [INFO] ssh_connect.ssh_manager: SSH免密连接测试成功: Connection test successful
2026-03-17 13:50:25,596 [INFO] ssh_connect.ssh_manager: 配置完成！现在可以使用: ssh liquid
2026-03-17 13:50:25,596 [INFO] ssh_connect.ssh_manager: 测试SSH连接...
2026-03-17 13:50:25,842 [INFO] ssh_connect.ssh_manager: SSH免密连接测试成功: Connection test successful
2026-03-17 13:50:25,842 [INFO] ssh_connect.ssh_manager: 配置完成！现在可以使用: ssh liquid
2026-03-17 13:50:25,842 [INFO] ssh_connect.ssh_manager: 检查远程服务状态...
2026-03-17 13:50:26,134 [INFO] ssh_connect.ssh_manager: Go API服务 正在运行 (PID: 1215049
1261399)
2026-03-17 13:50:26,415 [INFO] ssh_connect.ssh_manager: Python推理服务 正在运行 (PID: 1261454)
2026-03-17 13:50:26,416 [INFO] ssh_connect.ssh_manager: 测试SSH连接...
2026-03-17 13:50:26,633 [INFO] ssh_connect.ssh_manager: SSH免密连接测试成功: Connection test successful
2026-03-17 13:50:26,633 [INFO] ssh_connect.ssh_manager: 配置完成！现在可以使用: ssh liquid
2026-03-17 13:50:29,634 [INFO] ssh_connect.ssh_manager: 检查远程服务状态...
2026-03-17 13:50:29,886 [INFO] ssh_connect.ssh_manager: Go API服务 正在运行 (PID: 1215049
1261575)
2026-03-17 13:50:30,150 [INFO] ssh_connect.ssh_manager: Python推理服务 正在运行 (PID: 1261630)
2026-03-17 13:50:31,761 [INFO] ssh_connect.ssh_manager: 测试SSH连接...
2026-03-17 13:50:31,981 [INFO] ssh_connect.ssh_manager: SSH免密连接测试成功: Connection test successful
2026-03-17 13:50:31,981 [INFO] ssh_connect.ssh_manager: 配置完成！现在可以使用: ssh liquid
2026-03-17 13:50:34,540 [INFO] api.auth_api: 登录成功: user
2026-03-17 13:50:34,540 [INFO] client.widgets.login: 登录成功: user
2026-03-17 13:50:34,541 [INFO] client.widgets.login: 准备导入SystemWindow...
2026-03-17 13:50:34,541 [INFO] client.widgets.login: SystemWindow导入成功，准备创建窗口...
2026-03-17 13:50:39,567 [INFO] client.widgets.login: SystemWindow创建成功，准备显示...
2026-03-17 13:50:44,994 [INFO] client.utils.config: 正在从服务端读取默认配置文件: /home/lqj/liquid/server/database/config/default_config.yaml
2026-03-17 13:50:45,231 [INFO] client.utils.config: 成功从服务端加载默认配置
2026-03-17 13:50:46,150 [INFO] client.utils.config: 正在从服务端读取配置文件: /home/lqj/liquid/server/database/config/channel_config.yaml
2026-03-17 13:50:46,389 [INFO] client.utils.config: 成功从服务端加载通道配置
2026-03-17 13:50:46,433 [INFO] client.utils.config: 正在从服务端读取默认配置文件: /home/lqj/liquid/server/database/config/default_config.yaml
2026-03-17 13:50:46,674 [INFO] client.utils.config: 成功从服务端加载默认配置
2026-03-17 13:50:48,307 [INFO] utils.config: 正在从服务端读取默认配置文件: /home/lqj/liquid/server/database/config/default_config.yaml
2026-03-17 13:50:48,553 [INFO] utils.config: 成功从服务端加载默认配置
2026-03-17 14:02:17,015 [INFO] client.utils.logger: 日志系统初始化完成
2026-03-17 14:02:17,016 [INFO] ssh_connect.ssh_manager: 测试SSH连接...
2026-03-17 14:02:17,269 [INFO] ssh_connect.ssh_manager: SSH免密连接测试成功: Connection test successful
2026-03-17 14:02:17,269 [INFO] ssh_connect.ssh_manager: 配置完成！现在可以使用: ssh liquid
2026-03-17 14:02:17,270 [INFO] ssh_connect.ssh_manager: 测试SSH连接...
2026-03-17 14:02:17,502 [INFO] ssh_connect.ssh_manager: SSH免密连接测试成功: Connection test successful
2026-03-17 14:02:17,503 [INFO] ssh_connect.ssh_manager: 配置完成！现在可以使用: ssh liquid
2026-03-17 14:02:17,503 [INFO] ssh_connect.ssh_manager: 检查远程服务状态...
2026-03-17 14:02:17,796 [INFO] ssh_connect.ssh_manager: Go API服务 正在运行 (PID: 1215049
1265897)
2026-03-17 14:02:18,074 [INFO] ssh_connect.ssh_manager: Python推理服务 正在运行 (PID: 1265952)
2026-03-17 14:02:18,075 [INFO] ssh_connect.ssh_manager: 测试SSH连接...
2026-03-17 14:02:18,292 [INFO] ssh_connect.ssh_manager: SSH免密连接测试成功: Connection test successful
2026-03-17 14:02:18,292 [INFO] ssh_connect.ssh_manager: 配置完成！现在可以使用: ssh liquid
2026-03-17 14:02:21,297 [INFO] ssh_connect.ssh_manager: 检查远程服务状态...
2026-03-17 14:02:21,534 [INFO] ssh_connect.ssh_manager: Go API服务 正在运行 (PID: 1215049
1266071)
2026-03-17 14:02:21,783 [INFO] ssh_connect.ssh_manager: Python推理服务 正在运行 (PID: 1266129)
2026-03-17 14:02:23,291 [INFO] ssh_connect.ssh_manager: 测试SSH连接...
2026-03-17 14:02:23,510 [INFO] ssh_connect.ssh_manager: SSH免密连接测试成功: Connection test successful
2026-03-17 14:02:23,510 [INFO] ssh_connect.ssh_manager: 配置完成！现在可以使用: ssh liquid
2026-03-17 14:02:34,750 [INFO] api.auth_api: 登录成功: user
2026-03-17 14:02:34,750 [INFO] client.widgets.login: 登录成功: user
2026-03-17 14:02:34,752 [INFO] client.widgets.login: 准备导入SystemWindow...
2026-03-17 14:02:34,752 [INFO] client.widgets.login: SystemWindow导入成功，准备创建窗口...
2026-03-17 14:02:39,833 [INFO] client.widgets.login: SystemWindow创建成功，准备显示...
2026-03-17 14:02:43,287 [INFO] client.utils.config: 正在从服务端读取默认配置文件: /home/lqj/liquid/server/database/config/default_config.yaml
2026-03-17 14:02:43,536 [INFO] client.utils.config: 成功从服务端加载默认配置
2026-03-17 14:02:44,425 [INFO] client.utils.config: 正在从服务端读取配置文件: /home/lqj/liquid/server/database/config/channel_config.yaml
2026-03-17 14:02:44,654 [INFO] client.utils.config: 成功从服务端加载通道配置
2026-03-17 14:02:44,780 [INFO] client.utils.config: 正在从服务端读取默认配置文件: /home/lqj/liquid/server/database/config/default_config.yaml
2026-03-17 14:02:45,027 [INFO] client.utils.config: 成功从服务端加载默认配置
2026-03-17 14:02:46,670 [INFO] utils.config: 正在从服务端读取默认配置文件: /home/lqj/liquid/server/database/config/default_config.yaml
2026-03-17 14:02:46,898 [INFO] utils.config: 成功从服务端加载默认配置
2026-03-17 14:26:57,005 [INFO] client.utils.logger: 日志系统初始化完成
2026-03-17 14:26:57,006 [INFO] ssh_connect.ssh_manager: 测试SSH连接...
2026-03-17 14:26:57,239 [INFO] ssh_connect.ssh_manager: SSH免密连接测试成功: Connection test successful
2026-03-17 14:26:57,239 [INFO] ssh_connect.ssh_manager: 配置完成！现在可以使用: ssh liquid
2026-03-17 14:26:57,239 [INFO] ssh_connect.ssh_manager: 测试SSH连接...
2026-03-17 14:26:57,479 [INFO] ssh_connect.ssh_manager: SSH免密连接测试成功: Connection test successful
2026-03-17 14:26:57,479 [INFO] ssh_connect.ssh_manager: 配置完成！现在可以使用: ssh liquid
2026-03-17 14:26:57,479 [INFO] ssh_connect.ssh_manager: 检查远程服务状态...
2026-03-17 14:26:57,737 [INFO] ssh_connect.ssh_manager: Go API服务 正在运行 (PID: 1215049
1272785)
2026-03-17 14:26:58,001 [INFO] ssh_connect.ssh_manager: Python推理服务 正在运行 (PID: 1272840)
2026-03-17 14:26:58,002 [INFO] ssh_connect.ssh_manager: 测试SSH连接...
2026-03-17 14:26:58,232 [INFO] ssh_connect.ssh_manager: SSH免密连接测试成功: Connection test successful
2026-03-17 14:26:58,232 [INFO] ssh_connect.ssh_manager: 配置完成！现在可以使用: ssh liquid
2026-03-17 14:27:01,246 [INFO] ssh_connect.ssh_manager: 检查远程服务状态...
2026-03-17 14:27:01,479 [INFO] ssh_connect.ssh_manager: Go API服务 正在运行 (PID: 1215049
1272959)
2026-03-17 14:27:01,731 [INFO] ssh_connect.ssh_manager: Python推理服务 正在运行 (PID: 1273014)
2026-03-17 14:27:03,271 [INFO] ssh_connect.ssh_manager: 测试SSH连接...
2026-03-17 14:27:03,500 [INFO] ssh_connect.ssh_manager: SSH免密连接测试成功: Connection test successful
2026-03-17 14:27:03,500 [INFO] ssh_connect.ssh_manager: 配置完成！现在可以使用: ssh liquid
2026-03-17 14:27:04,916 [INFO] api.auth_api: 登录成功: user
2026-03-17 14:27:04,916 [INFO] client.widgets.login: 登录成功: user
2026-03-17 14:27:04,917 [INFO] client.widgets.login: 准备导入SystemWindow...
2026-03-17 14:27:04,917 [INFO] client.widgets.login: SystemWindow导入成功，准备创建窗口...
2026-03-17 14:27:10,087 [INFO] client.widgets.login: SystemWindow创建成功，准备显示...
2026-03-17 14:27:13,228 [INFO] client.utils.config: 正在从服务端读取默认配置文件: /home/lqj/liquid/server/database/config/default_config.yaml
2026-03-17 14:27:13,464 [INFO] client.utils.config: 成功从服务端加载默认配置
2026-03-17 14:27:14,366 [INFO] client.utils.config: 正在从服务端读取配置文件: /home/lqj/liquid/server/database/config/channel_config.yaml
2026-03-17 14:27:14,597 [INFO] client.utils.config: 成功从服务端加载通道配置
2026-03-17 14:37:06,223 [INFO] client.utils.logger: 日志系统初始化完成
2026-03-17 14:37:06,224 [INFO] ssh_connect.ssh_manager: 测试SSH连接...
2026-03-17 14:37:06,461 [INFO] ssh_connect.ssh_manager: SSH免密连接测试成功: Connection test successful
2026-03-17 14:37:06,462 [INFO] ssh_connect.ssh_manager: 配置完成！现在可以使用: ssh liquid
2026-03-17 14:37:06,462 [INFO] ssh_connect.ssh_manager: 测试SSH连接...
2026-03-17 14:37:06,856 [INFO] ssh_connect.ssh_manager: SSH免密连接测试成功: Connection test successful
2026-03-17 14:37:06,856 [INFO] ssh_connect.ssh_manager: 配置完成！现在可以使用: ssh liquid
2026-03-17 14:37:06,856 [INFO] ssh_connect.ssh_manager: 检查远程服务状态...
2026-03-17 14:37:07,406 [INFO] ssh_connect.ssh_manager: Go API服务 正在运行 (PID: 1215049
1276426)
2026-03-17 14:37:07,923 [INFO] ssh_connect.ssh_manager: Python推理服务 正在运行 (PID: 1276484)
2026-03-17 14:37:07,923 [INFO] ssh_connect.ssh_manager: 测试SSH连接...
2026-03-17 14:37:08,161 [INFO] ssh_connect.ssh_manager: SSH免密连接测试成功: Connection test successful
2026-03-17 14:37:08,161 [INFO] ssh_connect.ssh_manager: 配置完成！现在可以使用: ssh liquid
2026-03-17 14:37:11,171 [INFO] ssh_connect.ssh_manager: 检查远程服务状态...
2026-03-17 14:37:11,425 [INFO] ssh_connect.ssh_manager: Go API服务 正在运行 (PID: 1215049
1276605)
2026-03-17 14:37:11,671 [INFO] ssh_connect.ssh_manager: Python推理服务 正在运行 (PID: 1276663)
2026-03-17 14:37:13,278 [INFO] ssh_connect.ssh_manager: 测试SSH连接...
2026-03-17 14:37:13,510 [INFO] ssh_connect.ssh_manager: SSH免密连接测试成功: Connection test successful
2026-03-17 14:37:13,512 [INFO] ssh_connect.ssh_manager: 配置完成！现在可以使用: ssh liquid
2026-03-17 14:37:15,015 [INFO] api.auth_api: 登录成功: user
2026-03-17 14:37:15,015 [INFO] client.widgets.login: 登录成功: user
2026-03-17 14:37:15,016 [INFO] client.widgets.login: 准备导入SystemWindow...
2026-03-17 14:37:15,016 [INFO] client.widgets.login: SystemWindow导入成功，准备创建窗口...
2026-03-17 14:37:20,117 [INFO] client.widgets.login: SystemWindow创建成功，准备显示...
2026-03-17 14:37:23,296 [INFO] client.utils.config: 正在从服务端读取默认配置文件: /home/lqj/liquid/server/database/config/default_config.yaml
2026-03-17 14:37:23,539 [INFO] client.utils.config: 成功从服务端加载默认配置
2026-03-17 14:37:24,457 [INFO] client.utils.config: 正在从服务端读取配置文件: /home/lqj/liquid/server/database/config/channel_config.yaml
2026-03-17 14:37:24,681 [INFO] client.utils.config: 成功从服务端加载通道配置
2026-03-17 14:57:13,547 [INFO] client.utils.logger: 日志系统初始化完成
2026-03-17 14:57:13,548 [INFO] ssh_connect.ssh_manager: 测试SSH连接...
2026-03-17 14:57:13,784 [INFO] ssh_connect.ssh_manager: SSH免密连接测试成功: Connection test successful
2026-03-17 14:57:13,784 [INFO] ssh_connect.ssh_manager: 配置完成！现在可以使用: ssh liquid
2026-03-17 14:57:13,785 [INFO] ssh_connect.ssh_manager: 测试SSH连接...
2026-03-17 14:57:14,035 [INFO] ssh_connect.ssh_manager: SSH免密连接测试成功: Connection test successful
2026-03-17 14:57:14,035 [INFO] ssh_connect.ssh_manager: 配置完成！现在可以使用: ssh liquid
2026-03-17 14:57:14,036 [INFO] ssh_connect.ssh_manager: 检查远程服务状态...
2026-03-17 14:57:14,299 [INFO] ssh_connect.ssh_manager: Go API服务 正在运行 (PID: 1215049
1282693)
2026-03-17 14:57:14,551 [INFO] ssh_connect.ssh_manager: Python推理服务 正在运行 (PID: 1282752)
2026-03-17 14:57:14,551 [INFO] ssh_connect.ssh_manager: 测试SSH连接...
2026-03-17 14:57:14,768 [INFO] ssh_connect.ssh_manager: SSH免密连接测试成功: Connection test successful
2026-03-17 14:57:14,768 [INFO] ssh_connect.ssh_manager: 配置完成！现在可以使用: ssh liquid
2026-03-17 14:57:17,781 [INFO] ssh_connect.ssh_manager: 检查远程服务状态...
2026-03-17 14:57:18,031 [INFO] ssh_connect.ssh_manager: Go API服务 正在运行 (PID: 1215049
1282868)
2026-03-17 14:57:18,268 [INFO] ssh_connect.ssh_manager: Python推理服务 正在运行 (PID: 1282921)
2026-03-17 14:57:19,782 [INFO] ssh_connect.ssh_manager: 测试SSH连接...
2026-03-17 14:57:20,001 [INFO] ssh_connect.ssh_manager: SSH免密连接测试成功: Connection test successful
2026-03-17 14:57:20,001 [INFO] ssh_connect.ssh_manager: 配置完成！现在可以使用: ssh liquid
2026-03-17 14:57:21,450 [INFO] api.auth_api: 登录成功: user
2026-03-17 14:57:21,451 [INFO] client.widgets.login: 登录成功: user
2026-03-17 14:57:21,451 [INFO] client.widgets.login: 准备导入SystemWindow...
2026-03-17 14:57:21,451 [INFO] client.widgets.login: SystemWindow导入成功，准备创建窗口...
2026-03-17 14:57:26,563 [INFO] client.widgets.login: SystemWindow创建成功，准备显示...
2026-03-17 14:57:29,871 [INFO] client.utils.config: 正在从服务端读取默认配置文件: /home/lqj/liquid/server/database/config/default_config.yaml
2026-03-17 14:57:30,115 [INFO] client.utils.config: 成功从服务端加载默认配置
2026-03-17 14:57:31,019 [INFO] client.utils.config: 正在从服务端读取配置文件: /home/lqj/liquid/server/database/config/channel_config.yaml
2026-03-17 14:57:31,242 [INFO] client.utils.config: 成功从服务端加载通道配置
2026-03-17 14:57:43,301 [INFO] client.utils.config: 正在从服务端读取默认配置文件: /home/lqj/liquid/server/database/config/default_config.yaml
2026-03-17 14:57:43,545 [INFO] client.utils.config: 成功从服务端加载默认配置
2026-03-17 14:57:44,497 [INFO] client.utils.config: 正在从服务端读取配置文件: /home/lqj/liquid/server/database/config/channel_config.yaml
2026-03-17 14:57:44,722 [INFO] client.utils.config: 成功从服务端加载通道配置
2026-03-17 14:57:58,192 [INFO] client.utils.config: 正在从服务端读取默认配置文件: /home/lqj/liquid/server/database/config/default_config.yaml
2026-03-17 14:57:58,423 [INFO] client.utils.config: 成功从服务端加载默认配置
2026-03-17 14:57:59,333 [INFO] client.utils.config: 正在从服务端读取配置文件: /home/lqj/liquid/server/database/config/channel_config.yaml
2026-03-17 14:57:59,571 [INFO] client.utils.config: 成功从服务端加载通道配置
2026-03-17 14:57:59,739 [WARNING] utils.ws_client: WebSocket未连接，无法发送命令
2026-03-17 15:01:57,584 [INFO] client.utils.logger: 日志系统初始化完成
2026-03-17 15:01:57,584 [INFO] ssh_connect.ssh_manager: 测试SSH连接...
2026-03-17 15:01:57,807 [INFO] ssh_connect.ssh_manager: SSH免密连接测试成功: Connection test successful
2026-03-17 15:01:57,807 [INFO] ssh_connect.ssh_manager: 配置完成！现在可以使用: ssh liquid
2026-03-17 15:01:57,808 [INFO] ssh_connect.ssh_manager: 测试SSH连接...
2026-03-17 15:01:58,027 [INFO] ssh_connect.ssh_manager: SSH免密连接测试成功: Connection test successful
2026-03-17 15:01:58,027 [INFO] ssh_connect.ssh_manager: 配置完成！现在可以使用: ssh liquid
2026-03-17 15:01:58,028 [INFO] ssh_connect.ssh_manager: 检查远程服务状态...
2026-03-17 15:01:58,257 [INFO] ssh_connect.ssh_manager: Go API服务 正在运行 (PID: 1215049
1286067)
2026-03-17 15:01:58,508 [INFO] ssh_connect.ssh_manager: Python推理服务 正在运行 (PID: 1286119)
2026-03-17 15:01:58,509 [INFO] ssh_connect.ssh_manager: 测试SSH连接...
2026-03-17 15:01:58,740 [INFO] ssh_connect.ssh_manager: SSH免密连接测试成功: Connection test successful
2026-03-17 15:01:58,740 [INFO] ssh_connect.ssh_manager: 配置完成！现在可以使用: ssh liquid
2026-03-17 15:02:01,743 [INFO] ssh_connect.ssh_manager: 检查远程服务状态...
2026-03-17 15:02:02,023 [INFO] ssh_connect.ssh_manager: Go API服务 正在运行 (PID: 1215049
1286229)
2026-03-17 15:02:02,286 [INFO] ssh_connect.ssh_manager: Python推理服务 正在运行 (PID: 1286287)
2026-03-17 15:02:03,786 [INFO] ssh_connect.ssh_manager: 测试SSH连接...
2026-03-17 15:02:04,023 [INFO] ssh_connect.ssh_manager: SSH免密连接测试成功: Connection test successful
2026-03-17 15:02:04,025 [INFO] ssh_connect.ssh_manager: 配置完成！现在可以使用: ssh liquid
2026-03-17 15:02:05,671 [INFO] api.auth_api: 登录成功: user
2026-03-17 15:02:05,671 [INFO] client.widgets.login: 登录成功: user
2026-03-17 15:02:05,672 [INFO] client.widgets.login: 准备导入SystemWindow...
2026-03-17 15:02:05,672 [INFO] client.widgets.login: SystemWindow导入成功，准备创建窗口...
2026-03-17 15:02:10,893 [INFO] client.widgets.login: SystemWindow创建成功，准备显示...
2026-03-17 15:02:13,202 [INFO] client.utils.config: 正在从服务端读取默认配置文件: /home/lqj/liquid/server/database/config/default_config.yaml
2026-03-17 15:02:13,442 [INFO] client.utils.config: 成功从服务端加载默认配置
2026-03-17 15:02:14,403 [INFO] client.utils.config: 正在从服务端读取配置文件: /home/lqj/liquid/server/database/config/channel_config.yaml
2026-03-17 15:02:14,664 [INFO] client.utils.config: 成功从服务端加载通道配置
2026-03-17 15:02:14,793 [WARNING] utils.ws_client: WebSocket未连接，无法发送命令
2026-03-17 15:14:34,987 [INFO] client.utils.logger: 日志系统初始化完成
2026-03-17 15:14:34,989 [INFO] ssh_connect.ssh_manager: 测试SSH连接...
2026-03-17 15:14:35,221 [INFO] ssh_connect.ssh_manager: SSH免密连接测试成功: Connection test successful
2026-03-17 15:14:35,221 [INFO] ssh_connect.ssh_manager: 配置完成！现在可以使用: ssh liquid
2026-03-17 15:14:35,223 [INFO] ssh_connect.ssh_manager: 测试SSH连接...
2026-03-17 15:14:35,473 [INFO] ssh_connect.ssh_manager: SSH免密连接测试成功: Connection test successful
2026-03-17 15:14:35,474 [INFO] ssh_connect.ssh_manager: 配置完成！现在可以使用: ssh liquid
2026-03-17 15:14:35,474 [INFO] ssh_connect.ssh_manager: 检查远程服务状态...
2026-03-17 15:14:35,753 [INFO] ssh_connect.ssh_manager: Go API服务 正在运行 (PID: 1215049
1290074)
2026-03-17 15:14:36,051 [INFO] ssh_connect.ssh_manager: Python推理服务 正在运行 (PID: 1290129)
2026-03-17 15:14:36,052 [INFO] ssh_connect.ssh_manager: 测试SSH连接...
2026-03-17 15:14:36,284 [INFO] ssh_connect.ssh_manager: SSH免密连接测试成功: Connection test successful
2026-03-17 15:14:36,285 [INFO] ssh_connect.ssh_manager: 配置完成！现在可以使用: ssh liquid
2026-03-17 15:14:39,286 [INFO] ssh_connect.ssh_manager: 检查远程服务状态...
2026-03-17 15:14:39,554 [INFO] ssh_connect.ssh_manager: Go API服务 正在运行 (PID: 1215049
1290248)
2026-03-17 15:14:39,816 [INFO] ssh_connect.ssh_manager: Python推理服务 正在运行 (PID: 1290306)
2026-03-17 15:14:41,791 [INFO] ssh_connect.ssh_manager: 测试SSH连接...
2026-03-17 15:14:42,009 [INFO] ssh_connect.ssh_manager: SSH免密连接测试成功: Connection test successful
2026-03-17 15:14:42,010 [INFO] ssh_connect.ssh_manager: 配置完成！现在可以使用: ssh liquid
2026-03-17 15:14:45,496 [INFO] api.auth_api: 登录成功: user
2026-03-17 15:14:45,496 [INFO] client.widgets.login: 登录成功: user
2026-03-17 15:14:45,498 [INFO] client.widgets.login: 准备导入SystemWindow...
2026-03-17 15:14:45,498 [INFO] client.widgets.login: SystemWindow导入成功，准备创建窗口...
2026-03-17 15:14:50,695 [INFO] client.widgets.login: SystemWindow创建成功，准备显示...
2026-03-17 15:14:53,429 [INFO] client.utils.config: 正在从服务端读取默认配置文件: /home/lqj/liquid/server/database/config/default_config.yaml
2026-03-17 15:14:53,669 [INFO] client.utils.config: 成功从服务端加载默认配置
2026-03-17 15:14:54,607 [INFO] client.utils.config: 正在从服务端读取配置文件: /home/lqj/liquid/server/database/config/channel_config.yaml
2026-03-17 15:14:54,834 [INFO] client.utils.config: 成功从服务端加载通道配置
2026-03-17 15:16:44,967 [INFO] client.utils.logger: 日志系统初始化完成
2026-03-17 15:16:44,968 [INFO] ssh_connect.ssh_manager: 测试SSH连接...
2026-03-17 15:16:45,192 [INFO] ssh_connect.ssh_manager: SSH免密连接测试成功: Connection test successful
2026-03-17 15:16:45,192 [INFO] ssh_connect.ssh_manager: 配置完成！现在可以使用: ssh liquid
2026-03-17 15:16:45,192 [INFO] ssh_connect.ssh_manager: 测试SSH连接...
2026-03-17 15:16:45,398 [INFO] ssh_connect.ssh_manager: SSH免密连接测试成功: Connection test successful
2026-03-17 15:16:45,398 [INFO] ssh_connect.ssh_manager: 配置完成！现在可以使用: ssh liquid
2026-03-17 15:16:45,399 [INFO] ssh_connect.ssh_manager: 检查远程服务状态...
2026-03-17 15:16:45,636 [INFO] ssh_connect.ssh_manager: Go API服务 正在运行 (PID: 1215049
1292210)
2026-03-17 15:16:45,878 [INFO] ssh_connect.ssh_manager: Python推理服务 正在运行 (PID: 1292265)
2026-03-17 15:16:45,878 [INFO] ssh_connect.ssh_manager: 测试SSH连接...
2026-03-17 15:16:46,105 [INFO] ssh_connect.ssh_manager: SSH免密连接测试成功: Connection test successful
2026-03-17 15:16:46,106 [INFO] ssh_connect.ssh_manager: 配置完成！现在可以使用: ssh liquid
2026-03-17 15:16:49,117 [INFO] ssh_connect.ssh_manager: 检查远程服务状态...
2026-03-17 15:16:49,384 [INFO] ssh_connect.ssh_manager: Go API服务 正在运行 (PID: 1215049
1292390)
2026-03-17 15:16:49,650 [INFO] ssh_connect.ssh_manager: Python推理服务 正在运行 (PID: 1292442)
2026-03-17 15:16:51,282 [INFO] ssh_connect.ssh_manager: 测试SSH连接...
2026-03-17 15:16:51,500 [INFO] ssh_connect.ssh_manager: SSH免密连接测试成功: Connection test successful
2026-03-17 15:16:51,500 [INFO] ssh_connect.ssh_manager: 配置完成！现在可以使用: ssh liquid
2026-03-17 15:16:52,774 [INFO] api.auth_api: 登录成功: user
2026-03-17 15:16:52,775 [INFO] client.widgets.login: 登录成功: user
2026-03-17 15:16:52,775 [INFO] client.widgets.login: 准备导入SystemWindow...
2026-03-17 15:16:52,775 [INFO] client.widgets.login: SystemWindow导入成功，准备创建窗口...
2026-03-17 15:16:57,882 [INFO] client.widgets.login: SystemWindow创建成功，准备显示...
2026-03-17 15:17:00,844 [INFO] client.utils.config: 正在从服务端读取默认配置文件: /home/lqj/liquid/server/database/config/default_config.yaml
2026-03-17 15:17:01,078 [INFO] client.utils.config: 成功从服务端加载默认配置
2026-03-17 15:17:01,991 [INFO] client.utils.config: 正在从服务端读取配置文件: /home/lqj/liquid/server/database/config/channel_config.yaml
2026-03-17 15:17:02,225 [INFO] client.utils.config: 成功从服务端加载通道配置
2026-03-17 15:52:25,336 [INFO] client.utils.logger: 日志系统初始化完成
2026-03-17 15:52:25,337 [INFO] ssh_connect.ssh_manager: 测试SSH连接...
2026-03-17 15:52:25,588 [INFO] ssh_connect.ssh_manager: SSH免密连接测试成功: Connection test successful
2026-03-17 15:52:25,588 [INFO] ssh_connect.ssh_manager: 配置完成！现在可以使用: ssh liquid
2026-03-17 15:52:25,588 [INFO] ssh_connect.ssh_manager: 测试SSH连接...
2026-03-17 15:52:25,841 [INFO] ssh_connect.ssh_manager: SSH免密连接测试成功: Connection test successful
2026-03-17 15:52:25,841 [INFO] ssh_connect.ssh_manager: 配置完成！现在可以使用: ssh liquid
2026-03-17 15:52:25,841 [INFO] ssh_connect.ssh_manager: 检查远程服务状态...
2026-03-17 15:52:26,116 [INFO] ssh_connect.ssh_manager: Go API服务 正在运行 (PID: 1215049
1300522)
2026-03-17 15:52:26,385 [INFO] ssh_connect.ssh_manager: Python推理服务 正在运行 (PID: 1300583)
2026-03-17 15:52:26,385 [INFO] ssh_connect.ssh_manager: 测试SSH连接...
2026-03-17 15:52:26,625 [INFO] ssh_connect.ssh_manager: SSH免密连接测试成功: Connection test successful
2026-03-17 15:52:26,625 [INFO] ssh_connect.ssh_manager: 配置完成！现在可以使用: ssh liquid
2026-03-17 15:52:29,639 [INFO] ssh_connect.ssh_manager: 检查远程服务状态...
2026-03-17 15:52:29,893 [INFO] ssh_connect.ssh_manager: Go API服务 正在运行 (PID: 1215049
1300701)
2026-03-17 15:52:30,143 [INFO] ssh_connect.ssh_manager: Python推理服务 正在运行 (PID: 1300759)
2026-03-17 15:52:31,801 [INFO] ssh_connect.ssh_manager: 测试SSH连接...
2026-03-17 15:52:32,023 [INFO] ssh_connect.ssh_manager: SSH免密连接测试成功: Connection test successful
2026-03-17 15:52:32,023 [INFO] ssh_connect.ssh_manager: 配置完成！现在可以使用: ssh liquid
2026-03-17 15:52:33,500 [INFO] api.auth_api: 登录成功: user
2026-03-17 15:52:33,500 [INFO] client.widgets.login: 登录成功: user
2026-03-17 15:52:33,501 [INFO] client.widgets.login: 准备导入SystemWindow...
2026-03-17 15:52:33,501 [INFO] client.widgets.login: SystemWindow导入成功，准备创建窗口...
2026-03-17 15:52:38,576 [INFO] client.widgets.login: SystemWindow创建成功，准备显示...
2026-03-17 15:52:42,137 [INFO] client.utils.config: 正在从服务端读取默认配置文件: /home/lqj/liquid/server/database/config/default_config.yaml
2026-03-17 15:52:42,364 [INFO] client.utils.config: 成功从服务端加载默认配置
2026-03-17 15:52:43,290 [INFO] client.utils.config: 正在从服务端读取配置文件: /home/lqj/liquid/server/database/config/channel_config.yaml
2026-03-17 15:52:43,513 [INFO] client.utils.config: 成功从服务端加载通道配置
2026-03-17 15:57:21,884 [INFO] client.utils.logger: 日志系统初始化完成
2026-03-17 15:57:21,886 [INFO] ssh_connect.ssh_manager: 测试SSH连接...
2026-03-17 15:57:22,107 [INFO] ssh_connect.ssh_manager: SSH免密连接测试成功: Connection test successful
2026-03-17 15:57:22,108 [INFO] ssh_connect.ssh_manager: 配置完成！现在可以使用: ssh liquid
2026-03-17 15:57:22,108 [INFO] ssh_connect.ssh_manager: 测试SSH连接...
2026-03-17 15:57:22,339 [INFO] ssh_connect.ssh_manager: SSH免密连接测试成功: Connection test successful
2026-03-17 15:57:22,339 [INFO] ssh_connect.ssh_manager: 配置完成！现在可以使用: ssh liquid
2026-03-17 15:57:22,339 [INFO] ssh_connect.ssh_manager: 检查远程服务状态...
2026-03-17 15:57:22,609 [INFO] ssh_connect.ssh_manager: Go API服务 正在运行 (PID: 1215049
1303169)
2026-03-17 15:57:22,849 [INFO] ssh_connect.ssh_manager: Python推理服务 正在运行 (PID: 1303224)
2026-03-17 15:57:22,850 [INFO] ssh_connect.ssh_manager: 测试SSH连接...
2026-03-17 15:57:23,083 [INFO] ssh_connect.ssh_manager: SSH免密连接测试成功: Connection test successful
2026-03-17 15:57:23,083 [INFO] ssh_connect.ssh_manager: 配置完成！现在可以使用: ssh liquid
2026-03-17 15:57:26,095 [INFO] ssh_connect.ssh_manager: 检查远程服务状态...
2026-03-17 15:57:26,362 [INFO] ssh_connect.ssh_manager: Go API服务 正在运行 (PID: 1215049
1303338)
2026-03-17 15:57:26,621 [INFO] ssh_connect.ssh_manager: Python推理服务 正在运行 (PID: 1303399)
2026-03-17 15:57:28,300 [INFO] ssh_connect.ssh_manager: 测试SSH连接...
2026-03-17 15:57:28,533 [INFO] ssh_connect.ssh_manager: SSH免密连接测试成功: Connection test successful
2026-03-17 15:57:28,533 [INFO] ssh_connect.ssh_manager: 配置完成！现在可以使用: ssh liquid
2026-03-17 15:57:30,321 [INFO] api.auth_api: 登录成功: user
2026-03-17 15:57:30,322 [INFO] client.widgets.login: 登录成功: user
2026-03-17 15:57:30,322 [INFO] client.widgets.login: 准备导入SystemWindow...
2026-03-17 15:57:30,323 [INFO] client.widgets.login: SystemWindow导入成功，准备创建窗口...
2026-03-17 15:57:35,322 [INFO] client.widgets.login: SystemWindow创建成功，准备显示...
2026-03-17 15:57:38,916 [INFO] client.utils.config: 正在从服务端读取默认配置文件: /home/lqj/liquid/server/database/config/default_config.yaml
2026-03-17 15:57:39,170 [INFO] client.utils.config: 成功从服务端加载默认配置
2026-03-17 15:57:40,090 [INFO] client.utils.config: 正在从服务端读取配置文件: /home/lqj/liquid/server/database/config/channel_config.yaml
2026-03-17 15:57:40,326 [INFO] client.utils.config: 成功从服务端加载通道配置
2026-03-17 19:39:05,196 [INFO] client.utils.logger: 日志系统初始化完成
2026-03-17 19:39:05,198 [INFO] ssh_connect.ssh_manager: 测试SSH连接...
2026-03-17 19:39:15,241 [ERROR] ssh_connect.ssh_manager: SSH连接测试失败
2026-03-17 19:39:15,242 [ERROR] ssh_connect.ssh_manager: 错误信息: ssh: connect to host 192.168.0.121 port 22: Connection timed out

2026-03-17 19:39:15,242 [INFO] ssh_connect.ssh_manager: 开始设置SSH免密连接...
2026-03-17 19:39:15,242 [INFO] ssh_connect.ssh_manager: 测试到 192.168.0.121 的网络连接...
2026-03-17 19:39:25,930 [INFO] ssh_connect.ssh_manager: 到 192.168.0.121 的网络连接成功
2026-03-17 19:39:25,930 [INFO] ssh_connect.ssh_manager: 检查必需的命令...
2026-03-17 19:39:26,251 [INFO] ssh_connect.ssh_manager: 所有必需命令都已安装
2026-03-17 19:39:26,252 [INFO] ssh_connect.ssh_manager: 创建SSH目录...
2026-03-17 19:39:26,253 [INFO] ssh_connect.ssh_manager: SSH目录创建成功
2026-03-17 19:39:26,253 [INFO] ssh_connect.ssh_manager: 生成SSH密钥对...
2026-03-17 19:39:26,254 [WARNING] ssh_connect.ssh_manager: SSH密钥已存在
2026-03-17 19:39:26,254 [INFO] ssh_connect.ssh_manager: 复制公钥到服务器（需要输入服务器密码）...
2026-03-17 19:39:57,664 [INFO] ssh_connect.ssh_manager: 公钥复制成功
2026-03-17 19:39:57,731 [INFO] ssh_connect.ssh_manager: 配置服务器端authorized_keys...
2026-03-17 19:40:07,299 [INFO] ssh_connect.ssh_manager: 服务器配置完成
2026-03-17 19:40:07,299 [INFO] ssh_connect.ssh_manager: 更新SSH配置...
2026-03-17 19:40:07,299 [WARNING] ssh_connect.ssh_manager: SSH配置已存在
2026-03-17 19:40:07,300 [INFO] ssh_connect.ssh_manager: 测试SSH连接...
2026-03-17 19:40:07,509 [INFO] ssh_connect.ssh_manager: SSH免密连接测试成功: Connection test successful
2026-03-17 19:40:07,509 [INFO] ssh_connect.ssh_manager: 配置完成！现在可以使用: ssh liquid
2026-03-17 19:40:07,509 [INFO] ssh_connect.ssh_manager: SSH免密连接设置完成
2026-03-17 19:40:07,509 [INFO] ssh_connect.ssh_manager: 测试SSH连接...
2026-03-17 19:40:07,729 [INFO] ssh_connect.ssh_manager: SSH免密连接测试成功: Connection test successful
2026-03-17 19:40:07,729 [INFO] ssh_connect.ssh_manager: 配置完成！现在可以使用: ssh liquid
2026-03-17 19:40:07,730 [INFO] ssh_connect.ssh_manager: 检查远程服务状态...
2026-03-17 19:40:07,959 [INFO] ssh_connect.ssh_manager: Go API服务 正在运行 (PID: 1215049
1346579)
2026-03-17 19:40:08,191 [INFO] ssh_connect.ssh_manager: Python推理服务 正在运行 (PID: 1346632)
2026-03-17 19:40:08,191 [INFO] ssh_connect.ssh_manager: 测试SSH连接...
2026-03-17 19:40:08,413 [INFO] ssh_connect.ssh_manager: SSH免密连接测试成功: Connection test successful
2026-03-17 19:40:08,414 [INFO] ssh_connect.ssh_manager: 配置完成！现在可以使用: ssh liquid
2026-03-17 19:40:11,429 [INFO] ssh_connect.ssh_manager: 检查远程服务状态...
2026-03-17 19:40:11,699 [INFO] ssh_connect.ssh_manager: Go API服务 正在运行 (PID: 1215049
1346757)
2026-03-17 19:40:11,944 [INFO] ssh_connect.ssh_manager: Python推理服务 正在运行 (PID: 1346813)
2026-03-17 19:40:42,933 [INFO] ssh_connect.ssh_manager: 测试SSH连接...
2026-03-17 19:40:43,159 [INFO] ssh_connect.ssh_manager: SSH免密连接测试成功: Connection test successful
2026-03-17 19:40:43,159 [INFO] ssh_connect.ssh_manager: 配置完成！现在可以使用: ssh liquid
2026-03-17 19:41:00,891 [INFO] api.auth_api: 登录成功: user
2026-03-17 19:41:00,892 [INFO] client.widgets.login: 登录成功: user
2026-03-17 19:41:00,892 [INFO] client.widgets.login: 准备导入SystemWindow...
2026-03-17 19:41:00,892 [INFO] client.widgets.login: SystemWindow导入成功，准备创建窗口...
2026-03-17 19:41:06,159 [INFO] client.widgets.login: SystemWindow创建成功，准备显示...
2026-03-17 19:41:09,529 [INFO] client.utils.config: 正在从服务端读取默认配置文件: /home/lqj/liquid/server/database/config/default_config.yaml
2026-03-17 19:41:09,776 [INFO] client.utils.config: 成功从服务端加载默认配置
2026-03-17 19:41:10,698 [INFO] client.utils.config: 正在从服务端读取配置文件: /home/lqj/liquid/server/database/config/channel_config.yaml
2026-03-17 19:41:10,922 [INFO] client.utils.config: 成功从服务端加载通道配置
2026-03-17 20:16:11,523 [INFO] client.utils.logger: 日志系统初始化完成
2026-03-17 20:16:11,524 [INFO] ssh_connect.ssh_manager: 测试SSH连接...
2026-03-17 20:16:11,758 [INFO] ssh_connect.ssh_manager: SSH免密连接测试成功: Connection test successful
2026-03-17 20:16:11,758 [INFO] ssh_connect.ssh_manager: 配置完成！现在可以使用: ssh liquid
2026-03-17 20:16:11,758 [INFO] ssh_connect.ssh_manager: 测试SSH连接...
2026-03-17 20:16:11,990 [INFO] ssh_connect.ssh_manager: SSH免密连接测试成功: Connection test successful
2026-03-17 20:16:11,990 [INFO] ssh_connect.ssh_manager: 配置完成！现在可以使用: ssh liquid
2026-03-17 20:16:11,991 [INFO] ssh_connect.ssh_manager: 检查远程服务状态...
2026-03-17 20:16:12,236 [INFO] ssh_connect.ssh_manager: Go API服务 正在运行 (PID: 1215049
1354939)
2026-03-17 20:16:12,492 [INFO] ssh_connect.ssh_manager: Python推理服务 正在运行 (PID: 1354995)
2026-03-17 20:16:12,493 [INFO] ssh_connect.ssh_manager: 测试SSH连接...
2026-03-17 20:16:12,709 [INFO] ssh_connect.ssh_manager: SSH免密连接测试成功: Connection test successful
2026-03-17 20:16:12,709 [INFO] ssh_connect.ssh_manager: 配置完成！现在可以使用: ssh liquid
2026-03-17 20:16:15,718 [INFO] ssh_connect.ssh_manager: 检查远程服务状态...
2026-03-17 20:16:15,985 [INFO] ssh_connect.ssh_manager: Go API服务 正在运行 (PID: 1215049
1355113)
2026-03-17 20:16:16,234 [INFO] ssh_connect.ssh_manager: Python推理服务 正在运行 (PID: 1355171)
2026-03-17 20:16:48,835 [INFO] ssh_connect.ssh_manager: 测试SSH连接...
2026-03-17 20:16:49,083 [INFO] ssh_connect.ssh_manager: SSH免密连接测试成功: Connection test successful
2026-03-17 20:16:49,083 [INFO] ssh_connect.ssh_manager: 配置完成！现在可以使用: ssh liquid
2026-03-17 20:16:54,520 [INFO] api.auth_api: 登录成功: user
2026-03-17 20:16:54,521 [INFO] client.widgets.login: 登录成功: user
2026-03-17 20:16:54,521 [INFO] client.widgets.login: 准备导入SystemWindow...
2026-03-17 20:16:54,522 [INFO] client.widgets.login: SystemWindow导入成功，准备创建窗口...
2026-03-17 20:16:59,953 [INFO] client.widgets.login: SystemWindow创建成功，准备显示...
2026-03-17 20:17:59,843 [INFO] client.utils.config: 正在从服务端读取默认配置文件: /home/lqj/liquid/server/database/config/default_config.yaml
2026-03-17 20:18:00,077 [INFO] client.utils.config: 成功从服务端加载默认配置
2026-03-17 20:18:01,004 [INFO] client.utils.config: 正在从服务端读取配置文件: /home/lqj/liquid/server/database/config/channel_config.yaml
2026-03-17 20:18:01,230 [INFO] client.utils.config: 成功从服务端加载通道配置
2026-03-17 20:19:48,095 [INFO] client.utils.config: 正在从服务端读取默认配置文件: /home/lqj/liquid/server/database/config/default_config.yaml
2026-03-17 20:19:48,324 [INFO] client.utils.config: 成功从服务端加载默认配置
2026-03-17 20:19:49,248 [INFO] client.utils.config: 正在从服务端读取配置文件: /home/lqj/liquid/server/database/config/channel_config.yaml
2026-03-17 20:19:49,467 [INFO] client.utils.config: 成功从服务端加载通道配置
2026-03-17 20:35:21,364 [INFO] client.utils.logger: 日志系统初始化完成
2026-03-17 20:35:21,364 [INFO] ssh_connect.ssh_manager: 测试SSH连接...
2026-03-17 20:35:21,608 [INFO] ssh_connect.ssh_manager: SSH免密连接测试成功: Connection test successful
2026-03-17 20:35:21,608 [INFO] ssh_connect.ssh_manager: 配置完成！现在可以使用: ssh liquid
2026-03-17 20:35:21,608 [INFO] ssh_connect.ssh_manager: 测试SSH连接...
2026-03-17 20:35:21,856 [INFO] ssh_connect.ssh_manager: SSH免密连接测试成功: Connection test successful
2026-03-17 20:35:21,856 [INFO] ssh_connect.ssh_manager: 配置完成！现在可以使用: ssh liquid
2026-03-17 20:35:21,856 [INFO] ssh_connect.ssh_manager: 检查远程服务状态...
2026-03-17 20:35:22,121 [INFO] ssh_connect.ssh_manager: Go API服务 正在运行 (PID: 1215049
1362542)
2026-03-17 20:35:22,417 [INFO] ssh_connect.ssh_manager: Python推理服务 正在运行 (PID: 1362594)
2026-03-17 20:35:22,417 [INFO] ssh_connect.ssh_manager: 测试SSH连接...
2026-03-17 20:35:22,648 [INFO] ssh_connect.ssh_manager: SSH免密连接测试成功: Connection test successful
2026-03-17 20:35:22,649 [INFO] ssh_connect.ssh_manager: 配置完成！现在可以使用: ssh liquid
2026-03-17 20:35:25,661 [INFO] ssh_connect.ssh_manager: 检查远程服务状态...
2026-03-17 20:35:25,927 [INFO] ssh_connect.ssh_manager: Go API服务 正在运行 (PID: 1215049
1362700)
2026-03-17 20:35:26,188 [INFO] ssh_connect.ssh_manager: Python推理服务 正在运行 (PID: 1362755)
2026-03-17 20:35:57,393 [INFO] ssh_connect.ssh_manager: 测试SSH连接...
2026-03-17 20:35:57,620 [INFO] ssh_connect.ssh_manager: SSH免密连接测试成功: Connection test successful
2026-03-17 20:35:57,621 [INFO] ssh_connect.ssh_manager: 配置完成！现在可以使用: ssh liquid
2026-03-17 20:36:04,186 [INFO] api.auth_api: 登录成功: user
2026-03-17 20:36:04,186 [INFO] client.widgets.login: 登录成功: user
2026-03-17 20:36:04,187 [INFO] client.widgets.login: 准备导入SystemWindow...
2026-03-17 20:36:04,187 [INFO] client.widgets.login: SystemWindow导入成功，准备创建窗口...
2026-03-17 20:36:09,280 [INFO] client.widgets.login: SystemWindow创建成功，准备显示...
2026-03-17 20:36:14,248 [INFO] client.utils.config: 正在从服务端读取默认配置文件: /home/lqj/liquid/server/database/config/default_config.yaml
2026-03-17 20:36:14,482 [INFO] client.utils.config: 成功从服务端加载默认配置
2026-03-17 20:36:15,403 [INFO] client.utils.config: 正在从服务端读取配置文件: /home/lqj/liquid/server/database/config/channel_config.yaml
2026-03-17 20:36:15,627 [INFO] client.utils.config: 成功从服务端加载通道配置
2026-03-18 11:56:25,006 [INFO] client.utils.config: 正在从服务端读取默认配置文件: /home/lqj/liquid/server/database/config/default_config.yaml
2026-03-18 11:56:25,278 [INFO] client.utils.config: 成功从服务端加载默认配置
2026-03-18 11:56:26,312 [INFO] client.utils.config: 正在从服务端读取配置文件: /home/lqj/liquid/server/database/config/channel_config.yaml
2026-03-18 11:56:26,572 [INFO] client.utils.config: 成功从服务端加载通道配置
2026-03-18 12:06:56,685 [INFO] client.utils.logger: 日志系统初始化完成
2026-03-18 12:06:56,685 [INFO] ssh_connect.ssh_manager: 测试SSH连接...
2026-03-18 12:06:56,934 [INFO] ssh_connect.ssh_manager: SSH免密连接测试成功: Connection test successful
2026-03-18 12:06:56,935 [INFO] ssh_connect.ssh_manager: 配置完成！现在可以使用: ssh liquid
2026-03-18 12:06:56,935 [INFO] ssh_connect.ssh_manager: 测试SSH连接...
2026-03-18 12:06:57,175 [INFO] ssh_connect.ssh_manager: SSH免密连接测试成功: Connection test successful
2026-03-18 12:06:57,175 [INFO] ssh_connect.ssh_manager: 配置完成！现在可以使用: ssh liquid
2026-03-18 12:06:57,175 [INFO] ssh_connect.ssh_manager: 检查远程服务状态...
2026-03-18 12:06:57,425 [INFO] ssh_connect.ssh_manager: Go API服务 正在运行 (PID: 1215049
1378341)
2026-03-18 12:06:57,670 [INFO] ssh_connect.ssh_manager: Python推理服务 正在运行 (PID: 1378396)
2026-03-18 12:06:57,671 [INFO] ssh_connect.ssh_manager: 测试SSH连接...
2026-03-18 12:06:57,908 [INFO] ssh_connect.ssh_manager: SSH免密连接测试成功: Connection test successful
2026-03-18 12:06:57,908 [INFO] ssh_connect.ssh_manager: 配置完成！现在可以使用: ssh liquid
2026-03-18 12:07:00,908 [INFO] ssh_connect.ssh_manager: 检查远程服务状态...
2026-03-18 12:07:01,138 [INFO] ssh_connect.ssh_manager: Go API服务 正在运行 (PID: 1215049
1378500)
2026-03-18 12:07:01,391 [INFO] ssh_connect.ssh_manager: Python推理服务 正在运行 (PID: 1378555)
2026-03-18 12:07:34,139 [INFO] ssh_connect.ssh_manager: 测试SSH连接...
2026-03-18 12:07:34,397 [INFO] ssh_connect.ssh_manager: SSH免密连接测试成功: Connection test successful
2026-03-18 12:07:34,397 [INFO] ssh_connect.ssh_manager: 配置完成！现在可以使用: ssh liquid
2026-03-18 12:07:37,313 [INFO] api.auth_api: 登录成功: user
2026-03-18 12:07:37,314 [INFO] client.widgets.login: 登录成功: user
2026-03-18 12:07:37,314 [INFO] client.widgets.login: 准备导入SystemWindow...
2026-03-18 12:07:37,314 [INFO] client.widgets.login: SystemWindow导入成功，准备创建窗口...
2026-03-18 12:07:42,469 [INFO] client.widgets.login: SystemWindow创建成功，准备显示...
2026-03-18 12:07:45,045 [INFO] client.utils.config: 正在从服务端读取默认配置文件: /home/lqj/liquid/server/database/config/default_config.yaml
2026-03-18 12:07:45,303 [INFO] client.utils.config: 成功从服务端加载默认配置
2026-03-18 12:07:46,228 [INFO] client.utils.config: 正在从服务端读取配置文件: /home/lqj/liquid/server/database/config/channel_config.yaml
2026-03-18 12:07:46,453 [INFO] client.utils.config: 成功从服务端加载通道配置
2026-03-18 12:07:51,891 [INFO] client.utils.config: 正在从服务端读取默认配置文件: /home/lqj/liquid/server/database/config/default_config.yaml
2026-03-18 12:07:52,130 [INFO] client.utils.config: 成功从服务端加载默认配置
2026-03-18 12:07:53,031 [INFO] client.utils.config: 正在从服务端读取配置文件: /home/lqj/liquid/server/database/config/channel_config.yaml
2026-03-18 12:07:53,278 [INFO] client.utils.config: 成功从服务端加载通道配置
2026-03-18 12:10:58,082 [INFO] client.utils.logger: 日志系统初始化完成
2026-03-18 12:10:58,083 [INFO] ssh_connect.ssh_manager: 测试SSH连接...
2026-03-18 12:10:58,305 [INFO] ssh_connect.ssh_manager: SSH免密连接测试成功: Connection test successful
2026-03-18 12:10:58,305 [INFO] ssh_connect.ssh_manager: 配置完成！现在可以使用: ssh liquid
2026-03-18 12:10:58,305 [INFO] ssh_connect.ssh_manager: 测试SSH连接...
2026-03-18 12:10:58,539 [INFO] ssh_connect.ssh_manager: SSH免密连接测试成功: Connection test successful
2026-03-18 12:10:58,539 [INFO] ssh_connect.ssh_manager: 配置完成！现在可以使用: ssh liquid
2026-03-18 12:10:58,540 [INFO] ssh_connect.ssh_manager: 检查远程服务状态...
2026-03-18 12:10:58,787 [INFO] ssh_connect.ssh_manager: Go API服务 正在运行 (PID: 1215049
1380398)
2026-03-18 12:10:59,031 [INFO] ssh_connect.ssh_manager: Python推理服务 正在运行 (PID: 1380456)
2026-03-18 12:10:59,031 [INFO] ssh_connect.ssh_manager: 测试SSH连接...
2026-03-18 12:10:59,246 [INFO] ssh_connect.ssh_manager: SSH免密连接测试成功: Connection test successful
2026-03-18 12:10:59,246 [INFO] ssh_connect.ssh_manager: 配置完成！现在可以使用: ssh liquid
2026-03-18 12:11:02,260 [INFO] ssh_connect.ssh_manager: 检查远程服务状态...
2026-03-18 12:11:02,515 [INFO] ssh_connect.ssh_manager: Go API服务 正在运行 (PID: 1215049
1380568)
2026-03-18 12:11:02,745 [INFO] ssh_connect.ssh_manager: Python推理服务 正在运行 (PID: 1380623)
2026-03-18 12:11:35,630 [INFO] ssh_connect.ssh_manager: 测试SSH连接...
2026-03-18 12:11:35,886 [INFO] ssh_connect.ssh_manager: SSH免密连接测试成功: Connection test successful
2026-03-18 12:11:35,886 [INFO] ssh_connect.ssh_manager: 配置完成！现在可以使用: ssh liquid
2026-03-18 12:27:57,572 [INFO] client.utils.logger: 日志系统初始化完成
2026-03-18 12:27:57,572 [INFO] ssh_connect.ssh_manager: 测试SSH连接...
2026-03-18 12:27:57,820 [INFO] ssh_connect.ssh_manager: SSH免密连接测试成功: Connection test successful
2026-03-18 12:27:57,821 [INFO] ssh_connect.ssh_manager: 配置完成！现在可以使用: ssh liquid
2026-03-18 12:27:57,821 [INFO] ssh_connect.ssh_manager: 测试SSH连接...
2026-03-18 12:27:58,084 [INFO] ssh_connect.ssh_manager: SSH免密连接测试成功: Connection test successful
2026-03-18 12:27:58,084 [INFO] ssh_connect.ssh_manager: 配置完成！现在可以使用: ssh liquid
2026-03-18 12:27:58,085 [INFO] ssh_connect.ssh_manager: 检查远程服务状态...
2026-03-18 12:27:58,391 [INFO] ssh_connect.ssh_manager: Go API服务 正在运行 (PID: 1215049
1381171)
2026-03-18 12:27:58,639 [INFO] ssh_connect.ssh_manager: Python推理服务 正在运行 (PID: 1381230)
2026-03-18 12:27:58,640 [INFO] ssh_connect.ssh_manager: 测试SSH连接...
2026-03-18 12:27:58,864 [INFO] ssh_connect.ssh_manager: SSH免密连接测试成功: Connection test successful
2026-03-18 12:27:58,864 [INFO] ssh_connect.ssh_manager: 配置完成！现在可以使用: ssh liquid
2026-03-18 12:28:01,877 [INFO] ssh_connect.ssh_manager: 检查远程服务状态...
2026-03-18 12:28:02,160 [INFO] ssh_connect.ssh_manager: Go API服务 正在运行 (PID: 1215049
1381340)
2026-03-18 12:28:02,427 [INFO] ssh_connect.ssh_manager: Python推理服务 正在运行 (PID: 1381395)
2026-03-18 12:28:35,132 [INFO] ssh_connect.ssh_manager: 测试SSH连接...
2026-03-18 12:28:35,359 [INFO] ssh_connect.ssh_manager: SSH免密连接测试成功: Connection test successful
2026-03-18 12:28:35,360 [INFO] ssh_connect.ssh_manager: 配置完成！现在可以使用: ssh liquid
2026-03-18 12:29:01,905 [INFO] api.auth_api: 登录成功: user
2026-03-18 12:29:01,905 [INFO] client.widgets.login: 登录成功: user
2026-03-18 12:29:01,906 [INFO] client.widgets.login: 准备导入SystemWindow...
2026-03-18 12:29:01,906 [INFO] client.widgets.login: SystemWindow导入成功，准备创建窗口...
2026-03-18 12:29:06,932 [INFO] client.widgets.login: SystemWindow创建成功，准备显示...
2026-03-18 12:29:10,137 [INFO] client.utils.config: 正在从服务端读取默认配置文件: /home/lqj/liquid/server/database/config/default_config.yaml
2026-03-18 12:29:10,382 [INFO] client.utils.config: 成功从服务端加载默认配置
2026-03-18 12:29:11,281 [INFO] client.utils.config: 正在从服务端读取配置文件: /home/lqj/liquid/server/database/config/channel_config.yaml
2026-03-18 12:29:11,521 [INFO] client.utils.config: 成功从服务端加载通道配置
2026-03-18 12:29:20,363 [INFO] client.utils.config: 正在从服务端读取默认配置文件: /home/lqj/liquid/server/database/config/default_config.yaml
2026-03-18 12:29:20,613 [INFO] client.utils.config: 成功从服务端加载默认配置
2026-03-18 12:29:21,545 [INFO] client.utils.config: 正在从服务端读取配置文件: /home/lqj/liquid/server/database/config/channel_config.yaml
2026-03-18 12:29:21,788 [INFO] client.utils.config: 成功从服务端加载通道配置
2026-03-18 12:39:12,874 [INFO] client.utils.logger: 日志系统初始化完成
2026-03-18 12:39:12,875 [INFO] ssh_connect.ssh_manager: 测试SSH连接...
2026-03-18 12:39:13,112 [INFO] ssh_connect.ssh_manager: SSH免密连接测试成功: Connection test successful
2026-03-18 12:39:13,112 [INFO] ssh_connect.ssh_manager: 配置完成！现在可以使用: ssh liquid
2026-03-18 12:39:13,113 [INFO] ssh_connect.ssh_manager: 测试SSH连接...
2026-03-18 12:39:13,350 [INFO] ssh_connect.ssh_manager: SSH免密连接测试成功: Connection test successful
2026-03-18 12:39:13,350 [INFO] ssh_connect.ssh_manager: 配置完成！现在可以使用: ssh liquid
2026-03-18 12:39:13,350 [INFO] ssh_connect.ssh_manager: 检查远程服务状态...
2026-03-18 12:39:13,632 [INFO] ssh_connect.ssh_manager: Go API服务 正在运行 (PID: 1215049
1383337)
2026-03-18 12:39:13,892 [INFO] ssh_connect.ssh_manager: Python推理服务 正在运行 (PID: 1383395)
2026-03-18 12:39:13,893 [INFO] ssh_connect.ssh_manager: 测试SSH连接...
2026-03-18 12:39:14,116 [INFO] ssh_connect.ssh_manager: SSH免密连接测试成功: Connection test successful
2026-03-18 12:39:14,116 [INFO] ssh_connect.ssh_manager: 配置完成！现在可以使用: ssh liquid
2026-03-18 12:39:17,119 [INFO] ssh_connect.ssh_manager: 检查远程服务状态...
2026-03-18 12:39:17,390 [INFO] ssh_connect.ssh_manager: Go API服务 正在运行 (PID: 1215049
1383509)
2026-03-18 12:39:17,652 [INFO] ssh_connect.ssh_manager: Python推理服务 正在运行 (PID: 1383568)
2026-03-18 12:41:51,320 [INFO] client.utils.logger: 日志系统初始化完成
2026-03-18 12:41:51,321 [INFO] ssh_connect.ssh_manager: 测试SSH连接...
2026-03-18 12:41:51,540 [INFO] ssh_connect.ssh_manager: SSH免密连接测试成功: Connection test successful
2026-03-18 12:41:51,541 [INFO] ssh_connect.ssh_manager: 配置完成！现在可以使用: ssh liquid
2026-03-18 12:41:51,541 [INFO] ssh_connect.ssh_manager: 测试SSH连接...
2026-03-18 12:41:51,764 [INFO] ssh_connect.ssh_manager: SSH免密连接测试成功: Connection test successful
2026-03-18 12:41:51,765 [INFO] ssh_connect.ssh_manager: 配置完成！现在可以使用: ssh liquid
2026-03-18 12:41:51,765 [INFO] ssh_connect.ssh_manager: 检查远程服务状态...
2026-03-18 12:41:52,018 [INFO] ssh_connect.ssh_manager: Go API服务 正在运行 (PID: 1215049
1383890)
2026-03-18 12:41:52,287 [INFO] ssh_connect.ssh_manager: Python推理服务 正在运行 (PID: 1383942)
2026-03-18 12:41:52,287 [INFO] ssh_connect.ssh_manager: 测试SSH连接...
2026-03-18 12:41:52,510 [INFO] ssh_connect.ssh_manager: SSH免密连接测试成功: Connection test successful
2026-03-18 12:41:52,510 [INFO] ssh_connect.ssh_manager: 配置完成！现在可以使用: ssh liquid
2026-03-18 12:41:55,526 [INFO] ssh_connect.ssh_manager: 检查远程服务状态...
2026-03-18 12:41:55,796 [INFO] ssh_connect.ssh_manager: Go API服务 正在运行 (PID: 1215049
1384054)
2026-03-18 12:41:56,029 [INFO] ssh_connect.ssh_manager: Python推理服务 正在运行 (PID: 1384109)
2026-03-18 12:41:58,127 [INFO] ssh_connect.ssh_manager: 测试SSH连接...
2026-03-18 12:41:58,370 [INFO] ssh_connect.ssh_manager: SSH免密连接测试成功: Connection test successful
2026-03-18 12:41:58,371 [INFO] ssh_connect.ssh_manager: 配置完成！现在可以使用: ssh liquid
2026-03-18 12:42:02,233 [INFO] api.auth_api: 登录成功: user
2026-03-18 12:42:02,233 [INFO] client.widgets.login: 登录成功: user
2026-03-18 12:42:02,233 [INFO] client.widgets.login: 准备导入SystemWindow...
2026-03-18 12:42:02,234 [INFO] client.widgets.login: SystemWindow导入成功，准备创建窗口...
2026-03-18 12:42:07,397 [INFO] client.widgets.login: SystemWindow创建成功，准备显示...
2026-03-18 12:42:11,150 [INFO] client.utils.config: 正在从服务端读取默认配置文件: /home/lqj/liquid/server/database/config/default_config.yaml
2026-03-18 12:42:11,389 [INFO] client.utils.config: 成功从服务端加载默认配置
2026-03-18 12:42:12,318 [INFO] client.utils.config: 正在从服务端读取配置文件: /home/lqj/liquid/server/database/config/channel_config.yaml
2026-03-18 12:42:12,549 [INFO] client.utils.config: 成功从服务端加载通道配置
2026-03-18 13:21:53,091 [INFO] client.utils.logger: 日志系统初始化完成
2026-03-18 13:21:53,093 [INFO] ssh_connect.ssh_manager: 测试SSH连接...
2026-03-18 13:21:53,325 [INFO] ssh_connect.ssh_manager: SSH免密连接测试成功: Connection test successful
2026-03-18 13:21:53,325 [INFO] ssh_connect.ssh_manager: 配置完成！现在可以使用: ssh liquid
2026-03-18 13:21:53,326 [INFO] ssh_connect.ssh_manager: 测试SSH连接...
2026-03-18 13:21:53,585 [INFO] ssh_connect.ssh_manager: SSH免密连接测试成功: Connection test successful
2026-03-18 13:21:53,586 [INFO] ssh_connect.ssh_manager: 配置完成！现在可以使用: ssh liquid
2026-03-18 13:21:53,586 [INFO] ssh_connect.ssh_manager: 检查远程服务状态...
2026-03-18 13:21:53,848 [INFO] ssh_connect.ssh_manager: Go API服务 正在运行 (PID: 1215049
1387474)
2026-03-18 13:21:54,132 [INFO] ssh_connect.ssh_manager: Python推理服务 正在运行 (PID: 1387527)
2026-03-18 13:21:54,133 [INFO] ssh_connect.ssh_manager: 测试SSH连接...
2026-03-18 13:21:54,371 [INFO] ssh_connect.ssh_manager: SSH免密连接测试成功: Connection test successful
2026-03-18 13:21:54,372 [INFO] ssh_connect.ssh_manager: 配置完成！现在可以使用: ssh liquid
2026-03-18 13:21:57,376 [INFO] ssh_connect.ssh_manager: 检查远程服务状态...
2026-03-18 13:21:57,653 [INFO] ssh_connect.ssh_manager: Go API服务 正在运行 (PID: 1215049
1387640)
2026-03-18 13:21:57,895 [INFO] ssh_connect.ssh_manager: Python推理服务 正在运行 (PID: 1387695)
2026-03-18 13:21:59,643 [INFO] ssh_connect.ssh_manager: 测试SSH连接...
2026-03-18 13:21:59,916 [INFO] ssh_connect.ssh_manager: SSH免密连接测试成功: Connection test successful
2026-03-18 13:21:59,916 [INFO] ssh_connect.ssh_manager: 配置完成！现在可以使用: ssh liquid
2026-03-18 13:22:32,049 [INFO] api.auth_api: 登录成功: user
2026-03-18 13:22:32,050 [INFO] client.widgets.login: 登录成功: user
2026-03-18 13:22:32,050 [INFO] client.widgets.login: 准备导入SystemWindow...
2026-03-18 13:22:32,050 [INFO] client.widgets.login: SystemWindow导入成功，准备创建窗口...
2026-03-18 13:22:37,558 [INFO] client.widgets.login: SystemWindow创建成功，准备显示...
2026-03-18 13:22:41,858 [INFO] client.utils.config: 正在从服务端读取默认配置文件: /home/lqj/liquid/server/database/config/default_config.yaml
2026-03-18 13:22:42,105 [INFO] client.utils.config: 成功从服务端加载默认配置
2026-03-18 13:22:43,034 [INFO] client.utils.config: 正在从服务端读取配置文件: /home/lqj/liquid/server/database/config/channel_config.yaml
2026-03-18 13:22:43,268 [INFO] client.utils.config: 成功从服务端加载通道配置
2026-03-18 13:22:44,427 [INFO] client.utils.config: 正在从服务端读取默认配置文件: /home/lqj/liquid/server/database/config/default_config.yaml
2026-03-18 13:22:44,662 [INFO] client.utils.config: 成功从服务端加载默认配置
